2019-04-11 10:53:55,502 [Worker-5: Loading available Gradle versions] INFO  o.e.b.c.i.u.g.PublishedGradleVersions - Gradle version information cache is out-of-date. Trying to update.
2019-04-11 11:14:24,652 [Worker-14: Creating maven-archetype-j2ee-simple] INFO  o.e.m.c.i.p.ProjectConfigurationManager - Collecting project info '/pom.xml' D:\Study\EclipseWorkSpace\TestWebApplication\pom.xml
2019-04-11 11:14:24,655 [Worker-14: Creating maven-archetype-j2ee-simple] INFO  o.e.m.c.i.p.ProjectConfigurationManager - Collecting project info 'projects/pom.xml' D:\Study\EclipseWorkSpace\TestWebApplication\projects\pom.xml
2019-04-11 11:14:24,655 [Worker-14: Creating maven-archetype-j2ee-simple] INFO  o.e.m.c.i.p.ProjectConfigurationManager - Collecting project info 'logging/pom.xml' D:\Study\EclipseWorkSpace\TestWebApplication\projects\logging\pom.xml
2019-04-11 11:14:24,656 [Worker-14: Creating maven-archetype-j2ee-simple] INFO  o.e.m.c.i.p.ProjectConfigurationManager - Collecting project info 'primary-source/pom.xml' D:\Study\EclipseWorkSpace\TestWebApplication\primary-source\pom.xml
2019-04-11 11:14:24,656 [Worker-14: Creating maven-archetype-j2ee-simple] INFO  o.e.m.c.i.p.ProjectConfigurationManager - Collecting project info 'servlets/pom.xml' D:\Study\EclipseWorkSpace\TestWebApplication\servlets\pom.xml
2019-04-11 11:14:24,656 [Worker-14: Creating maven-archetype-j2ee-simple] INFO  o.e.m.c.i.p.ProjectConfigurationManager - Collecting project info 'servlet/pom.xml' D:\Study\EclipseWorkSpace\TestWebApplication\servlets\servlet\pom.xml
2019-04-11 11:14:24,656 [Worker-14: Creating maven-archetype-j2ee-simple] INFO  o.e.m.c.i.p.ProjectConfigurationManager - Collecting project info 'ejbs/pom.xml' D:\Study\EclipseWorkSpace\TestWebApplication\ejbs\pom.xml
2019-04-11 11:14:24,656 [Worker-14: Creating maven-archetype-j2ee-simple] INFO  o.e.m.c.i.p.ProjectConfigurationManager - Collecting project info 'ear/pom.xml' D:\Study\EclipseWorkSpace\TestWebApplication\ear\pom.xml
2019-04-11 11:14:25,590 [Worker-14: Creating maven-archetype-j2ee-simple] INFO  o.e.m.c.i.l.LifecycleMappingFactory - Using NULL lifecycle mapping for MavenProject: root:project:1.0 @ D:\Study\EclipseWorkSpace\project\pom.xml.
2019-04-11 11:14:25,624 [Worker-14: Creating maven-archetype-j2ee-simple] INFO  o.e.m.c.i.l.LifecycleMappingFactory - Using NULL lifecycle mapping for MavenProject: root.project:projects:1.0 @ D:\Study\EclipseWorkSpace\project\projects\pom.xml.
2019-04-11 11:14:27,359 [Worker-14: Creating maven-archetype-j2ee-simple] INFO  o.e.m.c.i.l.LifecycleMappingFactory - Using org.eclipse.m2e.jdt.JarLifecycleMapping lifecycle mapping for MavenProject: root.project.projects:logging:1.0 @ D:\Study\EclipseWorkSpace\project\projects\logging\pom.xml.
2019-04-11 11:14:27,919 [Worker-14: Creating maven-archetype-j2ee-simple] INFO  o.e.m.c.i.l.LifecycleMappingFactory - Using org.eclipse.m2e.jdt.JarLifecycleMapping lifecycle mapping for MavenProject: root.project:primary-source:1.0 @ D:\Study\EclipseWorkSpace\project\primary-source\pom.xml.
2019-04-11 11:14:27,943 [Worker-14: Creating maven-archetype-j2ee-simple] INFO  o.e.m.c.i.p.WorkspaceClassifierResolverManager - Resolving P/logging: root.project.projects:logging:1.0 with classifier  to /logging/target/classes
2019-04-11 11:14:27,947 [Worker-14: Creating maven-archetype-j2ee-simple] INFO  o.e.m.c.i.l.LifecycleMappingFactory - Using NULL lifecycle mapping for MavenProject: root.project:servlets:1.0 @ D:\Study\EclipseWorkSpace\project\servlets\pom.xml.
2019-04-11 11:14:28,051 [Worker-14: Creating maven-archetype-j2ee-simple] INFO  o.e.m.c.i.l.LifecycleMappingFactory - Using org.maven.ide.eclipse.wtp.WarLifecycleMapping lifecycle mapping for MavenProject: root.project.servlets:servlet:1.0 @ D:\Study\EclipseWorkSpace\project\servlets\servlet\pom.xml.
2019-04-11 11:14:28,056 [Worker-14: Creating maven-archetype-j2ee-simple] INFO  o.e.m.c.i.p.WorkspaceClassifierResolverManager - Resolving P/primary-source: root.project:primary-source:1.0 with classifier  to /primary-source/target/classes
2019-04-11 11:14:28,056 [Worker-14: Creating maven-archetype-j2ee-simple] INFO  o.e.m.c.i.p.WorkspaceClassifierResolverManager - Resolving P/logging: root.project.projects:logging:1.0 with classifier  to /logging/target/classes
2019-04-11 11:14:28,285 [Worker-14: Creating maven-archetype-j2ee-simple] INFO  o.e.m.c.i.l.LifecycleMappingFactory - Using org.maven.ide.eclipse.wtp.EjbLifecycleMapping lifecycle mapping for MavenProject: root.project:ejbs:1.0 @ D:\Study\EclipseWorkSpace\project\ejbs\pom.xml.
2019-04-11 11:14:28,287 [Worker-14: Creating maven-archetype-j2ee-simple] INFO  o.e.m.c.i.p.WorkspaceClassifierResolverManager - Resolving P/primary-source: root.project:primary-source:1.0 with classifier  to /primary-source/target/classes
2019-04-11 11:14:28,287 [Worker-14: Creating maven-archetype-j2ee-simple] INFO  o.e.m.c.i.p.WorkspaceClassifierResolverManager - Resolving P/logging: root.project.projects:logging:1.0 with classifier  to /logging/target/classes
2019-04-11 11:14:28,414 [Worker-14: Creating maven-archetype-j2ee-simple] INFO  o.e.m.c.i.l.LifecycleMappingFactory - Using org.maven.ide.eclipse.wtp.EarLifecycleMapping lifecycle mapping for MavenProject: root.project:ear:1.0 @ D:\Study\EclipseWorkSpace\project\ear\pom.xml.
2019-04-11 11:14:28,425 [Worker-14: Creating maven-archetype-j2ee-simple] INFO  o.e.m.c.i.p.WorkspaceClassifierResolverManager - Resolving P/ejbs: root.project:ejbs:1.0 with classifier  to /ejbs/target/classes
2019-04-11 11:14:28,425 [Worker-14: Creating maven-archetype-j2ee-simple] INFO  o.e.m.c.i.p.WorkspaceClassifierResolverManager - Resolving P/servlet: root.project.servlets:servlet:1.0 with classifier  to /servlet/target/classes
2019-04-11 11:14:28,426 [Worker-14: Creating maven-archetype-j2ee-simple] INFO  o.e.m.c.i.p.WorkspaceClassifierResolverManager - Resolving P/primary-source: root.project:primary-source:1.0 with classifier  to /primary-source/target/classes
2019-04-11 11:14:28,426 [Worker-14: Creating maven-archetype-j2ee-simple] INFO  o.e.m.c.i.p.WorkspaceClassifierResolverManager - Resolving P/logging: root.project.projects:logging:1.0 with classifier  to /logging/target/classes
2019-04-11 11:14:32,118 [Worker-14: Creating maven-archetype-j2ee-simple] INFO  o.e.m.j.i.AbstractJavaProjectConfigurator - Adding source folder /logging/src/main/java
2019-04-11 11:14:32,119 [Worker-14: Creating maven-archetype-j2ee-simple] INFO  o.e.m.j.i.AbstractJavaProjectConfigurator - Adding source folder /logging/src/test/java
2019-04-11 11:14:33,415 [Worker-14: Creating maven-archetype-j2ee-simple] INFO  o.e.m.j.i.AbstractJavaProjectConfigurator - Adding source folder /primary-source/src/main/java
2019-04-11 11:14:33,416 [Worker-14: Creating maven-archetype-j2ee-simple] INFO  o.e.m.j.i.AbstractJavaProjectConfigurator - Adding source folder /primary-source/src/test/java
2019-04-11 11:14:33,553 [Worker-14: Creating maven-archetype-j2ee-simple] INFO  o.e.m.j.i.AbstractJavaProjectConfigurator - Adding source folder /servlet/src/main/java
2019-04-11 11:14:33,553 [Worker-14: Creating maven-archetype-j2ee-simple] INFO  o.e.m.j.i.AbstractJavaProjectConfigurator - Adding source folder /servlet/src/test/java
2019-04-11 11:14:35,078 [Worker-14: Creating maven-archetype-j2ee-simple] ERROR o.e.m.w.j.i.u.xpl.JSFAppConfigUtils - Could not read web.xml
org.eclipse.emf.ecore.resource.impl.ResourceSetImpl$1DiagnosticWrappedException: org.xml.sax.SAXParseExceptionpublicId: platform:/resource/servlet/src/main/webapp/WEB-INF/web.xml; systemId: platform:/resource/servlet/src/main/webapp/WEB-INF/web.xml; lineNumber: 1; columnNumber: 1; Premature end of file.
	at org.eclipse.emf.ecore.resource.impl.ResourceSetImpl.handleDemandLoadException(ResourceSetImpl.java:319) ~[na:na]
	at org.eclipse.emf.ecore.resource.impl.ResourceSetImpl.demandLoadHelper(ResourceSetImpl.java:278) ~[na:na]
	at org.eclipse.jem.internal.util.emf.workbench.ProjectResourceSetImpl.getResource(ProjectResourceSetImpl.java:1064) ~[na:na]
	at org.eclipse.jst.jee.model.internal.JEE5ModelProvider.getModelResource(JEE5ModelProvider.java:185) ~[na:na]
	at org.eclipse.jst.jee.model.internal.Web25ModelProvider.getModelObject(Web25ModelProvider.java:44) ~[na:na]
	at org.eclipse.jst.jee.model.internal.JEE5ModelProvider.getModelObject(JEE5ModelProvider.java:231) ~[na:na]
	at org.eclipse.jst.jee.model.internal.common.AbstractMergedModelProvider.loadProviders(AbstractMergedModelProvider.java:261) ~[na:na]
	at org.eclipse.jst.jee.model.internal.common.AbstractMergedModelProvider.access$2(AbstractMergedModelProvider.java:255) ~[na:na]
	at org.eclipse.jst.jee.model.internal.common.AbstractMergedModelProvider$LoadModelsWorkspaceRunnable.run(AbstractMergedModelProvider.java:278) ~[na:na]
	at org.eclipse.core.internal.resources.Workspace.run(Workspace.java:2295) ~[org.eclipse.core.resources_3.13.200.v20181121-1020.jar:na]
	at org.eclipse.core.internal.resources.Workspace.run(Workspace.java:2322) ~[org.eclipse.core.resources_3.13.200.v20181121-1020.jar:na]
	at org.eclipse.jst.jee.model.internal.common.AbstractMergedModelProvider.loadModel(AbstractMergedModelProvider.java:249) ~[na:na]
	at org.eclipse.jst.jee.model.internal.common.AbstractMergedModelProvider.getMergedModel(AbstractMergedModelProvider.java:219) ~[na:na]
	at org.eclipse.jst.jee.model.internal.common.AbstractMergedModelProvider.getModelObject(AbstractMergedModelProvider.java:139) ~[na:na]
	at org.eclipse.m2e.wtp.jsf.internal.utils.xpl.JSFAppConfigUtils.getConfigFilesFromContextParam(JSFAppConfigUtils.java:86) ~[org.eclipse.m2e.wtp.jsf_1.4.1.20181128-2152.jar:na]
	at org.eclipse.m2e.wtp.jsf.internal.utils.JSFUtils.getFacesconfig(JSFUtils.java:68) [org.eclipse.m2e.wtp.jsf_1.4.1.20181128-2152.jar:na]
	at org.eclipse.m2e.wtp.jsf.internal.utils.JSFUtils.getVersionFromFacesconfig(JSFUtils.java:84) [org.eclipse.m2e.wtp.jsf_1.4.1.20181128-2152.jar:na]
	at org.eclipse.m2e.wtp.jsf.internal.configurators.FacesConfigJSFFacetDetector.findFacetVersion(FacesConfigJSFFacetDetector.java:36) [org.eclipse.m2e.wtp.jsf_1.4.1.20181128-2152.jar:na]
	at org.eclipse.m2e.wtp.facets.FacetDetectorManager.findFacetVersion(FacetDetectorManager.java:91) [org.eclipse.m2e.wtp_1.4.1.20181128-2152.jar:na]
	at org.eclipse.m2e.wtp.facets.FacetDetectorManager.findFacetVersion(FacetDetectorManager.java:61) [org.eclipse.m2e.wtp_1.4.1.20181128-2152.jar:na]
	at org.eclipse.m2e.wtp.jsf.internal.configurators.JSFProjectConfigurator.configureInternal(JSFProjectConfigurator.java:93) [org.eclipse.m2e.wtp.jsf_1.4.1.20181128-2152.jar:na]
	at org.eclipse.m2e.wtp.jsf.internal.configurators.JSFProjectConfigurator.configure(JSFProjectConfigurator.java:68) [org.eclipse.m2e.wtp.jsf_1.4.1.20181128-2152.jar:na]
	at org.eclipse.m2e.core.project.configurator.AbstractLifecycleMapping.configure(AbstractLifecycleMapping.java:120) [org.eclipse.m2e.core_1.10.0.20181127-2120.jar:na]
	at org.eclipse.m2e.core.internal.project.ProjectConfigurationManager$3.call(ProjectConfigurationManager.java:508) [org.eclipse.m2e.core_1.10.0.20181127-2120.jar:na]
	at org.eclipse.m2e.core.internal.project.ProjectConfigurationManager$3.call(ProjectConfigurationManager.java:1) [org.eclipse.m2e.core_1.10.0.20181127-2120.jar:na]
	at org.eclipse.m2e.core.internal.embedder.MavenExecutionContext.executeBare(MavenExecutionContext.java:177) [org.eclipse.m2e.core_1.10.0.20181127-2120.jar:na]
	at org.eclipse.m2e.core.internal.embedder.MavenExecutionContext.execute(MavenExecutionContext.java:151) [org.eclipse.m2e.core_1.10.0.20181127-2120.jar:na]
	at org.eclipse.m2e.core.internal.project.ProjectConfigurationManager.updateProjectConfiguration(ProjectConfigurationManager.java:501) [org.eclipse.m2e.core_1.10.0.20181127-2120.jar:na]
	at org.eclipse.m2e.core.internal.project.ProjectConfigurationManager.configureNewMavenProjects(ProjectConfigurationManager.java:288) [org.eclipse.m2e.core_1.10.0.20181127-2120.jar:na]
	at org.eclipse.m2e.core.internal.project.ProjectConfigurationManager$1.call(ProjectConfigurationManager.java:175) [org.eclipse.m2e.core_1.10.0.20181127-2120.jar:na]
	at org.eclipse.m2e.core.internal.project.ProjectConfigurationManager$1.call(ProjectConfigurationManager.java:1) [org.eclipse.m2e.core_1.10.0.20181127-2120.jar:na]
	at org.eclipse.m2e.core.internal.embedder.MavenExecutionContext.executeBare(MavenExecutionContext.java:177) [org.eclipse.m2e.core_1.10.0.20181127-2120.jar:na]
	at org.eclipse.m2e.core.internal.embedder.MavenExecutionContext.execute(MavenExecutionContext.java:112) [org.eclipse.m2e.core_1.10.0.20181127-2120.jar:na]
	at org.eclipse.m2e.core.internal.embedder.MavenExecutionContext.execute(MavenExecutionContext.java:99) [org.eclipse.m2e.core_1.10.0.20181127-2120.jar:na]
	at org.eclipse.m2e.core.internal.embedder.MavenImpl.execute(MavenImpl.java:1336) [org.eclipse.m2e.core_1.10.0.20181127-2120.jar:na]
	at org.eclipse.m2e.core.internal.project.ProjectConfigurationManager.importProjects(ProjectConfigurationManager.java:143) [org.eclipse.m2e.core_1.10.0.20181127-2120.jar:na]
	at org.eclipse.m2e.core.internal.project.ProjectConfigurationManager.createArchetypeProjects0(ProjectConfigurationManager.java:863) [org.eclipse.m2e.core_1.10.0.20181127-2120.jar:na]
	at org.eclipse.m2e.core.internal.project.ProjectConfigurationManager$5.call(ProjectConfigurationManager.java:792) [org.eclipse.m2e.core_1.10.0.20181127-2120.jar:na]
	at org.eclipse.m2e.core.internal.project.ProjectConfigurationManager$5.call(ProjectConfigurationManager.java:1) [org.eclipse.m2e.core_1.10.0.20181127-2120.jar:na]
	at org.eclipse.m2e.core.internal.embedder.MavenExecutionContext.executeBare(MavenExecutionContext.java:177) [org.eclipse.m2e.core_1.10.0.20181127-2120.jar:na]
	at org.eclipse.m2e.core.internal.embedder.MavenExecutionContext.execute(MavenExecutionContext.java:151) [org.eclipse.m2e.core_1.10.0.20181127-2120.jar:na]
	at org.eclipse.m2e.core.internal.embedder.MavenExecutionContext.execute(MavenExecutionContext.java:99) [org.eclipse.m2e.core_1.10.0.20181127-2120.jar:na]
	at org.eclipse.m2e.core.internal.embedder.MavenImpl.execute(MavenImpl.java:1336) [org.eclipse.m2e.core_1.10.0.20181127-2120.jar:na]
	at org.eclipse.m2e.core.internal.project.ProjectConfigurationManager.createArchetypeProjects(ProjectConfigurationManager.java:790) [org.eclipse.m2e.core_1.10.0.20181127-2120.jar:na]
	at org.eclipse.m2e.core.ui.internal.wizards.MavenProjectWizard$5.doCreateMavenProjects(MavenProjectWizard.java:241) [org.eclipse.m2e.core.ui_1.10.0.20181127-2120.jar:na]
	at org.eclipse.m2e.core.ui.internal.wizards.AbstractCreateMavenProjectJob$1.doCreateMavenProjects(AbstractCreateMavenProjectJob.java:63) [org.eclipse.m2e.core.ui_1.10.0.20181127-2120.jar:na]
	at org.eclipse.m2e.core.ui.internal.wizards.AbstractCreateMavenProjectsOperation.run(AbstractCreateMavenProjectsOperation.java:73) [org.eclipse.m2e.core.ui_1.10.0.20181127-2120.jar:na]
	at org.eclipse.m2e.core.ui.internal.wizards.AbstractCreateMavenProjectJob.runInWorkspace(AbstractCreateMavenProjectJob.java:67) [org.eclipse.m2e.core.ui_1.10.0.20181127-2120.jar:na]
	at org.eclipse.core.internal.resources.InternalWorkspaceJob.run(InternalWorkspaceJob.java:42) [org.eclipse.core.resources_3.13.200.v20181121-1020.jar:na]
	at org.eclipse.core.internal.jobs.Worker.run(Worker.java:63) [org.eclipse.core.jobs_3.10.200.v20180912-1356.jar:na]
Caused by: org.xml.sax.SAXParseException: Premature end of file.
	at com.sun.org.apache.xerces.internal.util.ErrorHandlerWrapper.createSAXParseException(Unknown Source) ~[na:1.8.0_191]
	at com.sun.org.apache.xerces.internal.util.ErrorHandlerWrapper.fatalError(Unknown Source) ~[na:1.8.0_191]
	at com.sun.org.apache.xerces.internal.impl.XMLErrorReporter.reportError(Unknown Source) ~[na:1.8.0_191]
	at com.sun.org.apache.xerces.internal.impl.XMLErrorReporter.reportError(Unknown Source) ~[na:1.8.0_191]
	at com.sun.org.apache.xerces.internal.impl.XMLScanner.reportFatalError(Unknown Source) ~[na:1.8.0_191]
	at com.sun.org.apache.xerces.internal.impl.XMLDocumentScannerImpl$PrologDriver.next(Unknown Source) ~[na:1.8.0_191]
	at com.sun.org.apache.xerces.internal.impl.XMLDocumentScannerImpl.next(Unknown Source) ~[na:1.8.0_191]
	at com.sun.org.apache.xerces.internal.impl.XMLNSDocumentScannerImpl.next(Unknown Source) ~[na:1.8.0_191]
	at com.sun.org.apache.xerces.internal.impl.XMLDocumentFragmentScannerImpl.scanDocument(Unknown Source) ~[na:1.8.0_191]
	at com.sun.org.apache.xerces.internal.parsers.XML11Configuration.parse(Unknown Source) ~[na:1.8.0_191]
	at com.sun.org.apache.xerces.internal.parsers.XML11Configuration.parse(Unknown Source) ~[na:1.8.0_191]
	at com.sun.org.apache.xerces.internal.parsers.XMLParser.parse(Unknown Source) ~[na:1.8.0_191]
	at com.sun.org.apache.xerces.internal.parsers.AbstractSAXParser.parse(Unknown Source) ~[na:1.8.0_191]
	at com.sun.org.apache.xerces.internal.jaxp.SAXParserImpl$JAXPSAXParser.parse(Unknown Source) ~[na:1.8.0_191]
	at com.sun.org.apache.xerces.internal.jaxp.SAXParserImpl.parse(Unknown Source) ~[na:1.8.0_191]
	at org.eclipse.emf.ecore.xmi.impl.XMLLoadImpl.load(XMLLoadImpl.java:175) ~[na:na]
	at org.eclipse.emf.ecore.xmi.impl.XMLResourceImpl.doLoad(XMLResourceImpl.java:261) ~[na:na]
	at org.eclipse.emf.ecore.resource.impl.ResourceImpl.load(ResourceImpl.java:1563) ~[na:na]
	at org.eclipse.emf.ecore.resource.impl.ResourceImpl.load(ResourceImpl.java:1342) ~[na:na]
	at org.eclipse.emf.ecore.resource.impl.ResourceSetImpl.demandLoad(ResourceSetImpl.java:259) ~[na:na]
	at org.eclipse.jem.internal.util.emf.workbench.ProjectResourceSetImpl.demandLoad(ProjectResourceSetImpl.java:811) ~[na:na]
	at org.eclipse.emf.ecore.resource.impl.ResourceSetImpl.demandLoadHelper(ResourceSetImpl.java:274) ~[na:na]
	... 48 common frames omitted
2019-04-11 11:14:35,239 [Worker-14: Creating maven-archetype-j2ee-simple] ERROR o.e.m.w.jsf.internal.utils.JSFUtils - An error occurred trying to find javax.faces.webapp.FacesServlet :
org.xml.sax.SAXParseException: Premature end of file.
	at com.sun.org.apache.xerces.internal.parsers.DOMParser.parse(Unknown Source) ~[na:1.8.0_191]
	at com.sun.org.apache.xerces.internal.jaxp.DocumentBuilderImpl.parse(Unknown Source) ~[na:1.8.0_191]
	at javax.xml.parsers.DocumentBuilder.parse(Unknown Source) ~[na:1.8.0_191]
	at org.eclipse.m2e.wtp.jsf.internal.utils.JSFUtils.hasFacesServlet(JSFUtils.java:139) [org.eclipse.m2e.wtp.jsf_1.4.1.20181128-2152.jar:na]
	at org.eclipse.m2e.wtp.jsf.internal.utils.JSFUtils.hasFacesServlet(JSFUtils.java:115) [org.eclipse.m2e.wtp.jsf_1.4.1.20181128-2152.jar:na]
	at org.eclipse.m2e.wtp.jsf.internal.configurators.WebXmlJSFFacetDetector.hasFacesServletInWebXml(WebXmlJSFFacetDetector.java:80) [org.eclipse.m2e.wtp.jsf_1.4.1.20181128-2152.jar:na]
	at org.eclipse.m2e.wtp.jsf.internal.configurators.WebXmlJSFFacetDetector.findFacetVersion(WebXmlJSFFacetDetector.java:55) [org.eclipse.m2e.wtp.jsf_1.4.1.20181128-2152.jar:na]
	at org.eclipse.m2e.wtp.facets.FacetDetectorManager.findFacetVersion(FacetDetectorManager.java:91) [org.eclipse.m2e.wtp_1.4.1.20181128-2152.jar:na]
	at org.eclipse.m2e.wtp.facets.FacetDetectorManager.findFacetVersion(FacetDetectorManager.java:61) [org.eclipse.m2e.wtp_1.4.1.20181128-2152.jar:na]
	at org.eclipse.m2e.wtp.jsf.internal.configurators.JSFProjectConfigurator.configureInternal(JSFProjectConfigurator.java:93) [org.eclipse.m2e.wtp.jsf_1.4.1.20181128-2152.jar:na]
	at org.eclipse.m2e.wtp.jsf.internal.configurators.JSFProjectConfigurator.configure(JSFProjectConfigurator.java:68) [org.eclipse.m2e.wtp.jsf_1.4.1.20181128-2152.jar:na]
	at org.eclipse.m2e.core.project.configurator.AbstractLifecycleMapping.configure(AbstractLifecycleMapping.java:120) [org.eclipse.m2e.core_1.10.0.20181127-2120.jar:na]
	at org.eclipse.m2e.core.internal.project.ProjectConfigurationManager$3.call(ProjectConfigurationManager.java:508) [org.eclipse.m2e.core_1.10.0.20181127-2120.jar:na]
	at org.eclipse.m2e.core.internal.project.ProjectConfigurationManager$3.call(ProjectConfigurationManager.java:1) [org.eclipse.m2e.core_1.10.0.20181127-2120.jar:na]
	at org.eclipse.m2e.core.internal.embedder.MavenExecutionContext.executeBare(MavenExecutionContext.java:177) [org.eclipse.m2e.core_1.10.0.20181127-2120.jar:na]
	at org.eclipse.m2e.core.internal.embedder.MavenExecutionContext.execute(MavenExecutionContext.java:151) [org.eclipse.m2e.core_1.10.0.20181127-2120.jar:na]
	at org.eclipse.m2e.core.internal.project.ProjectConfigurationManager.updateProjectConfiguration(ProjectConfigurationManager.java:501) [org.eclipse.m2e.core_1.10.0.20181127-2120.jar:na]
	at org.eclipse.m2e.core.internal.project.ProjectConfigurationManager.configureNewMavenProjects(ProjectConfigurationManager.java:288) [org.eclipse.m2e.core_1.10.0.20181127-2120.jar:na]
	at org.eclipse.m2e.core.internal.project.ProjectConfigurationManager$1.call(ProjectConfigurationManager.java:175) [org.eclipse.m2e.core_1.10.0.20181127-2120.jar:na]
	at org.eclipse.m2e.core.internal.project.ProjectConfigurationManager$1.call(ProjectConfigurationManager.java:1) [org.eclipse.m2e.core_1.10.0.20181127-2120.jar:na]
	at org.eclipse.m2e.core.internal.embedder.MavenExecutionContext.executeBare(MavenExecutionContext.java:177) [org.eclipse.m2e.core_1.10.0.20181127-2120.jar:na]
	at org.eclipse.m2e.core.internal.embedder.MavenExecutionContext.execute(MavenExecutionContext.java:112) [org.eclipse.m2e.core_1.10.0.20181127-2120.jar:na]
	at org.eclipse.m2e.core.internal.embedder.MavenExecutionContext.execute(MavenExecutionContext.java:99) [org.eclipse.m2e.core_1.10.0.20181127-2120.jar:na]
	at org.eclipse.m2e.core.internal.embedder.MavenImpl.execute(MavenImpl.java:1336) [org.eclipse.m2e.core_1.10.0.20181127-2120.jar:na]
	at org.eclipse.m2e.core.internal.project.ProjectConfigurationManager.importProjects(ProjectConfigurationManager.java:143) [org.eclipse.m2e.core_1.10.0.20181127-2120.jar:na]
	at org.eclipse.m2e.core.internal.project.ProjectConfigurationManager.createArchetypeProjects0(ProjectConfigurationManager.java:863) [org.eclipse.m2e.core_1.10.0.20181127-2120.jar:na]
	at org.eclipse.m2e.core.internal.project.ProjectConfigurationManager$5.call(ProjectConfigurationManager.java:792) [org.eclipse.m2e.core_1.10.0.20181127-2120.jar:na]
	at org.eclipse.m2e.core.internal.project.ProjectConfigurationManager$5.call(ProjectConfigurationManager.java:1) [org.eclipse.m2e.core_1.10.0.20181127-2120.jar:na]
	at org.eclipse.m2e.core.internal.embedder.MavenExecutionContext.executeBare(MavenExecutionContext.java:177) [org.eclipse.m2e.core_1.10.0.20181127-2120.jar:na]
	at org.eclipse.m2e.core.internal.embedder.MavenExecutionContext.execute(MavenExecutionContext.java:151) [org.eclipse.m2e.core_1.10.0.20181127-2120.jar:na]
	at org.eclipse.m2e.core.internal.embedder.MavenExecutionContext.execute(MavenExecutionContext.java:99) [org.eclipse.m2e.core_1.10.0.20181127-2120.jar:na]
	at org.eclipse.m2e.core.internal.embedder.MavenImpl.execute(MavenImpl.java:1336) [org.eclipse.m2e.core_1.10.0.20181127-2120.jar:na]
	at org.eclipse.m2e.core.internal.project.ProjectConfigurationManager.createArchetypeProjects(ProjectConfigurationManager.java:790) [org.eclipse.m2e.core_1.10.0.20181127-2120.jar:na]
	at org.eclipse.m2e.core.ui.internal.wizards.MavenProjectWizard$5.doCreateMavenProjects(MavenProjectWizard.java:241) [org.eclipse.m2e.core.ui_1.10.0.20181127-2120.jar:na]
	at org.eclipse.m2e.core.ui.internal.wizards.AbstractCreateMavenProjectJob$1.doCreateMavenProjects(AbstractCreateMavenProjectJob.java:63) [org.eclipse.m2e.core.ui_1.10.0.20181127-2120.jar:na]
	at org.eclipse.m2e.core.ui.internal.wizards.AbstractCreateMavenProjectsOperation.run(AbstractCreateMavenProjectsOperation.java:73) [org.eclipse.m2e.core.ui_1.10.0.20181127-2120.jar:na]
	at org.eclipse.m2e.core.ui.internal.wizards.AbstractCreateMavenProjectJob.runInWorkspace(AbstractCreateMavenProjectJob.java:67) [org.eclipse.m2e.core.ui_1.10.0.20181127-2120.jar:na]
	at org.eclipse.core.internal.resources.InternalWorkspaceJob.run(InternalWorkspaceJob.java:42) [org.eclipse.core.resources_3.13.200.v20181121-1020.jar:na]
	at org.eclipse.core.internal.jobs.Worker.run(Worker.java:63) [org.eclipse.core.jobs_3.10.200.v20180912-1356.jar:na]
2019-04-11 11:14:35,300 [Worker-14: Creating maven-archetype-j2ee-simple] INFO  o.e.m.c.i.p.WorkspaceClassifierResolverManager - Resolving P/primary-source: root.project:primary-source:1.0 with classifier  to /primary-source/target/classes
2019-04-11 11:14:35,300 [Worker-14: Creating maven-archetype-j2ee-simple] INFO  o.e.m.c.i.p.WorkspaceClassifierResolverManager - Resolving P/logging: root.project.projects:logging:1.0 with classifier  to /logging/target/classes
2019-04-11 11:14:35,372 [Worker-14: Creating maven-archetype-j2ee-simple] INFO  o.e.m.j.i.AbstractJavaProjectConfigurator - Adding source folder /ejbs/src/main/java
2019-04-11 11:14:35,372 [Worker-14: Creating maven-archetype-j2ee-simple] INFO  o.e.m.j.i.AbstractJavaProjectConfigurator - Adding resource folder /ejbs/src/main/resources
2019-04-11 11:14:35,373 [Worker-14: Creating maven-archetype-j2ee-simple] INFO  o.e.m.j.i.AbstractJavaProjectConfigurator - Adding source folder /ejbs/src/test/java
2019-04-11 11:14:37,367 [Worker-14: Creating maven-archetype-j2ee-simple] INFO  o.e.m.c.i.p.WorkspaceClassifierResolverManager - Resolving P/ejbs: root.project:ejbs:1.0 with classifier  to /ejbs/target/classes
2019-04-11 11:14:37,368 [Worker-14: Creating maven-archetype-j2ee-simple] INFO  o.e.m.c.i.p.WorkspaceClassifierResolverManager - Resolving P/servlet: root.project.servlets:servlet:1.0 with classifier  to /servlet/target/classes
2019-04-11 11:14:37,368 [Worker-14: Creating maven-archetype-j2ee-simple] INFO  o.e.m.c.i.p.WorkspaceClassifierResolverManager - Resolving P/primary-source: root.project:primary-source:1.0 with classifier  to /primary-source/target/classes
2019-04-11 11:14:37,368 [Worker-14: Creating maven-archetype-j2ee-simple] INFO  o.e.m.c.i.p.WorkspaceClassifierResolverManager - Resolving P/logging: root.project.projects:logging:1.0 with classifier  to /logging/target/classes
2019-04-11 11:14:37,451 [Worker-14: Creating maven-archetype-j2ee-simple] INFO  o.e.m.c.i.embedder.EclipseLogger - Generating application.xml
2019-04-11 11:14:37,513 [Worker-14: Creating maven-archetype-j2ee-simple] INFO  o.e.m.c.i.p.ProjectConfigurationManager - Imported and configured 8 project(s) in 12 sec
2019-04-11 11:14:38,585 [Worker-14: Building workspace] INFO  o.e.m.c.i.p.WorkspaceClassifierResolverManager - Resolving P/ejbs: root.project:ejbs:1.0 with classifier  to /ejbs/target/classes
2019-04-11 11:14:38,585 [Worker-14: Building workspace] INFO  o.e.m.c.i.p.WorkspaceClassifierResolverManager - Resolving P/servlet: root.project.servlets:servlet:1.0 with classifier  to /servlet/target/classes
2019-04-11 11:14:38,585 [Worker-14: Building workspace] INFO  o.e.m.c.i.p.WorkspaceClassifierResolverManager - Resolving P/primary-source: root.project:primary-source:1.0 with classifier  to /primary-source/target/classes
2019-04-11 11:14:38,586 [Worker-14: Building workspace] INFO  o.e.m.c.i.p.WorkspaceClassifierResolverManager - Resolving P/logging: root.project.projects:logging:1.0 with classifier  to /logging/target/classes
2019-04-11 11:14:38,631 [Worker-14: Building workspace] WARN  o.e.m.c.i.embedder.EclipseLogger - Using platform encoding (Cp1252 actually) to copy filtered resources, i.e. build is platform dependent!
2019-04-11 11:14:38,633 [Worker-14: Building workspace] INFO  o.e.m.c.i.embedder.EclipseLogger - skip non existing resourceDirectory D:\Study\EclipseWorkSpace\project\ear\src\main\resources
2019-04-11 11:14:39,310 [Worker-14: Building workspace] WARN  o.e.m.c.i.embedder.EclipseLogger - Using platform encoding (Cp1252 actually) to copy filtered resources, i.e. build is platform dependent!
2019-04-11 11:14:39,312 [Worker-14: Building workspace] INFO  o.e.m.c.i.embedder.EclipseLogger - skip non existing resourceDirectory D:\Study\EclipseWorkSpace\project\projects\logging\src\main\resources
2019-04-11 11:14:39,314 [Worker-14: Building workspace] WARN  o.e.m.c.i.embedder.EclipseLogger - Using platform encoding (Cp1252 actually) to copy filtered resources, i.e. build is platform dependent!
2019-04-11 11:14:39,316 [Worker-14: Building workspace] INFO  o.e.m.c.i.embedder.EclipseLogger - skip non existing resourceDirectory D:\Study\EclipseWorkSpace\project\projects\logging\src\test\resources
2019-04-11 11:14:39,397 [Worker-14: Building workspace] INFO  o.e.m.c.i.p.WorkspaceClassifierResolverManager - Resolving P/logging: root.project.projects:logging:1.0 with classifier  to /logging/target/classes
2019-04-11 11:14:39,454 [Worker-14: Building workspace] WARN  o.e.m.c.i.embedder.EclipseLogger - Using platform encoding (Cp1252 actually) to copy filtered resources, i.e. build is platform dependent!
2019-04-11 11:14:39,458 [Worker-14: Building workspace] INFO  o.e.m.c.i.embedder.EclipseLogger - skip non existing resourceDirectory D:\Study\EclipseWorkSpace\project\primary-source\src\main\resources
2019-04-11 11:14:39,463 [Worker-14: Building workspace] WARN  o.e.m.c.i.embedder.EclipseLogger - Using platform encoding (Cp1252 actually) to copy filtered resources, i.e. build is platform dependent!
2019-04-11 11:14:39,465 [Worker-14: Building workspace] INFO  o.e.m.c.i.embedder.EclipseLogger - skip non existing resourceDirectory D:\Study\EclipseWorkSpace\project\primary-source\src\test\resources
2019-04-11 11:14:39,603 [Worker-14: Building workspace] INFO  o.e.m.c.i.p.WorkspaceClassifierResolverManager - Resolving P/primary-source: root.project:primary-source:1.0 with classifier  to /primary-source/target/classes
2019-04-11 11:14:39,604 [Worker-14: Building workspace] INFO  o.e.m.c.i.p.WorkspaceClassifierResolverManager - Resolving P/logging: root.project.projects:logging:1.0 with classifier  to /logging/target/classes
2019-04-11 11:14:39,608 [Worker-14: Building workspace] WARN  o.e.m.c.i.embedder.EclipseLogger - Using platform encoding (Cp1252 actually) to copy filtered resources, i.e. build is platform dependent!
2019-04-11 11:14:39,666 [Worker-14: Building workspace] INFO  o.e.m.c.i.embedder.EclipseLogger - Copying 1 resource
2019-04-11 11:14:39,682 [Worker-14: Building workspace] WARN  o.e.m.c.i.embedder.EclipseLogger - Using platform encoding (Cp1252 actually) to copy filtered resources, i.e. build is platform dependent!
2019-04-11 11:14:39,684 [Worker-14: Building workspace] INFO  o.e.m.c.i.embedder.EclipseLogger - skip non existing resourceDirectory D:\Study\EclipseWorkSpace\project\ejbs\src\test\resources
2019-04-11 11:14:39,869 [Worker-14: Building workspace] INFO  o.e.m.c.i.p.WorkspaceClassifierResolverManager - Resolving P/primary-source: root.project:primary-source:1.0 with classifier  to /primary-source/target/classes
2019-04-11 11:14:39,869 [Worker-14: Building workspace] INFO  o.e.m.c.i.p.WorkspaceClassifierResolverManager - Resolving P/logging: root.project.projects:logging:1.0 with classifier  to /logging/target/classes
2019-04-11 11:14:39,873 [Worker-14: Building workspace] WARN  o.e.m.c.i.embedder.EclipseLogger - Using platform encoding (Cp1252 actually) to copy filtered resources, i.e. build is platform dependent!
2019-04-11 11:14:39,875 [Worker-14: Building workspace] INFO  o.e.m.c.i.embedder.EclipseLogger - skip non existing resourceDirectory D:\Study\EclipseWorkSpace\project\servlets\servlet\src\main\resources
2019-04-11 11:14:39,878 [Worker-14: Building workspace] WARN  o.e.m.c.i.embedder.EclipseLogger - Using platform encoding (Cp1252 actually) to copy filtered resources, i.e. build is platform dependent!
2019-04-11 11:14:39,880 [Worker-14: Building workspace] INFO  o.e.m.c.i.embedder.EclipseLogger - skip non existing resourceDirectory D:\Study\EclipseWorkSpace\project\servlets\servlet\src\test\resources
2019-04-11 11:15:34,823 [Worker-17: Creating maven-archetype-quickstart] INFO  o.e.m.c.i.p.ProjectConfigurationManager - Collecting project info '/pom.xml' D:\Study\EclipseWorkSpace\TestWebApplication\pom.xml
2019-04-11 11:15:35,056 [Worker-17: Creating maven-archetype-quickstart] INFO  o.e.m.c.i.l.LifecycleMappingFactory - Using org.eclipse.m2e.jdt.JarLifecycleMapping lifecycle mapping for MavenProject: com.jins:TestWebApplication:0.0.1-SNAPSHOT @ D:\Study\EclipseWorkSpace\TestWebApplication\pom.xml.
2019-04-11 11:15:35,764 [Worker-17: Creating maven-archetype-quickstart] INFO  o.e.m.j.i.AbstractJavaProjectConfigurator - Adding source folder /TestWebApplication/src/main/java
2019-04-11 11:15:35,778 [Worker-17: Creating maven-archetype-quickstart] INFO  o.e.m.j.i.AbstractJavaProjectConfigurator - Adding source folder /TestWebApplication/src/test/java
2019-04-11 11:15:35,882 [Worker-17: Creating maven-archetype-quickstart] INFO  o.e.m.c.i.p.ProjectConfigurationManager - Imported and configured 1 project(s) in 1 sec
2019-04-11 11:15:36,516 [Worker-17: Building workspace] INFO  o.e.m.c.i.embedder.EclipseLogger - Using 'UTF-8' encoding to copy filtered resources.
2019-04-11 11:15:36,517 [Worker-17: Building workspace] INFO  o.e.m.c.i.embedder.EclipseLogger - skip non existing resourceDirectory D:\Study\EclipseWorkSpace\TestWebApplication\src\main\resources
2019-04-11 11:15:36,518 [Worker-17: Building workspace] INFO  o.e.m.c.i.embedder.EclipseLogger - Using 'UTF-8' encoding to copy filtered resources.
2019-04-11 11:15:36,518 [Worker-17: Building workspace] INFO  o.e.m.c.i.embedder.EclipseLogger - skip non existing resourceDirectory D:\Study\EclipseWorkSpace\TestWebApplication\src\test\resources
2019-04-11 11:16:54,564 [Worker-19: Building workspace] INFO  o.e.m.c.i.l.LifecycleMappingFactory - Using org.maven.ide.eclipse.wtp.WarLifecycleMapping lifecycle mapping for MavenProject: com.jins:TestWebApplication:0.0.1-SNAPSHOT @ D:\Study\EclipseWorkSpace\TestWebApplication\pom.xml.
2019-04-11 11:16:54,767 [Worker-19: Building workspace] WARN  o.e.m.c.i.embedder.EclipseLogger - Using platform encoding (Cp1252 actually) to copy filtered resources, i.e. build is platform dependent!
2019-04-11 11:16:54,769 [Worker-19: Building workspace] INFO  o.e.m.c.i.embedder.EclipseLogger - skip non existing resourceDirectory D:\Study\EclipseWorkSpace\TestWebApplication\src\main\resources
2019-04-11 11:16:54,771 [Worker-19: Building workspace] WARN  o.e.m.c.i.embedder.EclipseLogger - Using platform encoding (Cp1252 actually) to copy filtered resources, i.e. build is platform dependent!
2019-04-11 11:16:54,773 [Worker-19: Building workspace] INFO  o.e.m.c.i.embedder.EclipseLogger - skip non existing resourceDirectory D:\Study\EclipseWorkSpace\TestWebApplication\src\test\resources
2019-04-11 11:16:54,774 [Worker-19: Building workspace] INFO  o.e.m.w.i.f.ResourceFilteringBuildParticipant - Changed resources require a complete clean of filtered resources of TestWebApplication
2019-04-11 11:16:54,776 [Worker-19: Building workspace] INFO  o.e.m.w.i.f.ResourceFilteringBuildParticipant - Executing resource filtering for TestWebApplication
2019-04-11 11:16:54,787 [Worker-19: Building workspace] WARN  o.e.m.c.i.embedder.EclipseLogger - Using platform encoding (Cp1252 actually) to copy filtered resources, i.e. build is platform dependent!
2019-04-11 11:16:56,012 [Worker-19: Building workspace] WARN  o.e.m.c.i.embedder.EclipseLogger - Using platform encoding (Cp1252 actually) to copy filtered resources, i.e. build is platform dependent!
2019-04-11 11:16:56,016 [Worker-19: Building workspace] INFO  o.e.m.c.i.embedder.EclipseLogger - skip non existing resourceDirectory D:\Study\EclipseWorkSpace\TestWebApplication\src\main\resources
2019-04-11 11:16:56,023 [Worker-19: Building workspace] WARN  o.e.m.c.i.embedder.EclipseLogger - Using platform encoding (Cp1252 actually) to copy filtered resources, i.e. build is platform dependent!
2019-04-11 11:16:56,025 [Worker-19: Building workspace] INFO  o.e.m.c.i.embedder.EclipseLogger - skip non existing resourceDirectory D:\Study\EclipseWorkSpace\TestWebApplication\src\test\resources
2019-04-11 11:17:09,949 [Worker-21: Updating Maven Project] INFO  o.e.m.c.i.p.ProjectConfigurationManager - Update started
2019-04-11 11:17:10,744 [Worker-21: Updating Maven Project] INFO  o.e.m.c.i.l.LifecycleMappingFactory - Using org.maven.ide.eclipse.wtp.WarLifecycleMapping lifecycle mapping for MavenProject: com.jins:TestWebApplication:0.0.1-SNAPSHOT @ D:\Study\EclipseWorkSpace\TestWebApplication\pom.xml.
2019-04-11 11:17:10,849 [Worker-21: Updating Maven Project] INFO  o.e.m.j.i.AbstractJavaProjectConfigurator - Adding source folder /TestWebApplication/src/main/java
2019-04-11 11:17:10,852 [Worker-21: Updating Maven Project] INFO  o.e.m.j.i.AbstractJavaProjectConfigurator - Adding source folder /TestWebApplication/src/test/java
2019-04-11 11:17:12,148 [Worker-21: Updating Maven Project] INFO  o.e.m.w.i.f.ResourceFilteringBuildParticipant - Cleaning filtered folder for TestWebApplication
2019-04-11 11:17:12,178 [Worker-21: Updating Maven Project] INFO  o.e.m.c.i.p.ProjectConfigurationManager - Update completed: 2 sec
2019-04-11 11:17:12,488 [Worker-13: Building workspace] WARN  o.e.m.c.i.embedder.EclipseLogger - Using platform encoding (Cp1252 actually) to copy filtered resources, i.e. build is platform dependent!
2019-04-11 11:17:12,490 [Worker-13: Building workspace] INFO  o.e.m.c.i.embedder.EclipseLogger - skip non existing resourceDirectory D:\Study\EclipseWorkSpace\TestWebApplication\src\main\resources
2019-04-11 11:17:12,491 [Worker-13: Building workspace] WARN  o.e.m.c.i.embedder.EclipseLogger - Using platform encoding (Cp1252 actually) to copy filtered resources, i.e. build is platform dependent!
2019-04-11 11:17:12,493 [Worker-13: Building workspace] INFO  o.e.m.c.i.embedder.EclipseLogger - skip non existing resourceDirectory D:\Study\EclipseWorkSpace\TestWebApplication\src\test\resources
2019-04-11 11:17:12,493 [Worker-13: Building workspace] INFO  o.e.m.w.i.f.ResourceFilteringBuildParticipant - Changed resources require a complete clean of filtered resources of TestWebApplication
2019-04-11 11:17:12,493 [Worker-13: Building workspace] INFO  o.e.m.w.i.f.ResourceFilteringBuildParticipant - Executing resource filtering for TestWebApplication
2019-04-11 11:17:12,499 [Worker-13: Building workspace] WARN  o.e.m.c.i.embedder.EclipseLogger - Using platform encoding (Cp1252 actually) to copy filtered resources, i.e. build is platform dependent!
2019-04-11 11:17:44,045 [Worker-16: Building workspace] WARN  o.e.m.c.i.embedder.EclipseLogger - Using platform encoding (Cp1252 actually) to copy filtered resources, i.e. build is platform dependent!
2019-04-11 11:17:44,047 [Worker-16: Building workspace] INFO  o.e.m.c.i.embedder.EclipseLogger - skip non existing resourceDirectory D:\Study\EclipseWorkSpace\TestWebApplication\src\main\resources
2019-04-11 11:17:44,048 [Worker-16: Building workspace] WARN  o.e.m.c.i.embedder.EclipseLogger - Using platform encoding (Cp1252 actually) to copy filtered resources, i.e. build is platform dependent!
2019-04-11 11:17:44,050 [Worker-16: Building workspace] INFO  o.e.m.c.i.embedder.EclipseLogger - skip non existing resourceDirectory D:\Study\EclipseWorkSpace\TestWebApplication\src\test\resources
2019-04-11 11:18:00,763 [Worker-17: Building workspace] WARN  o.e.m.c.i.embedder.EclipseLogger - Using platform encoding (Cp1252 actually) to copy filtered resources, i.e. build is platform dependent!
2019-04-11 11:18:00,765 [Worker-17: Building workspace] INFO  o.e.m.c.i.embedder.EclipseLogger - skip non existing resourceDirectory D:\Study\EclipseWorkSpace\TestWebApplication\src\main\resources
2019-04-11 11:18:00,766 [Worker-17: Building workspace] WARN  o.e.m.c.i.embedder.EclipseLogger - Using platform encoding (Cp1252 actually) to copy filtered resources, i.e. build is platform dependent!
2019-04-11 11:18:00,768 [Worker-17: Building workspace] INFO  o.e.m.c.i.embedder.EclipseLogger - skip non existing resourceDirectory D:\Study\EclipseWorkSpace\TestWebApplication\src\test\resources
2019-04-11 11:18:30,225 [Worker-19: Building workspace] WARN  o.e.m.c.i.embedder.EclipseLogger - Using platform encoding (Cp1252 actually) to copy filtered resources, i.e. build is platform dependent!
2019-04-11 11:18:30,227 [Worker-19: Building workspace] INFO  o.e.m.c.i.embedder.EclipseLogger - skip non existing resourceDirectory D:\Study\EclipseWorkSpace\TestWebApplication\src\main\resources
2019-04-11 11:18:30,229 [Worker-19: Building workspace] WARN  o.e.m.c.i.embedder.EclipseLogger - Using platform encoding (Cp1252 actually) to copy filtered resources, i.e. build is platform dependent!
2019-04-11 11:18:30,231 [Worker-19: Building workspace] INFO  o.e.m.c.i.embedder.EclipseLogger - skip non existing resourceDirectory D:\Study\EclipseWorkSpace\TestWebApplication\src\test\resources
2019-04-11 11:19:03,177 [Worker-20: Building workspace] WARN  o.e.m.c.i.embedder.EclipseLogger - Using platform encoding (Cp1252 actually) to copy filtered resources, i.e. build is platform dependent!
2019-04-11 11:19:03,182 [Worker-20: Building workspace] INFO  o.e.m.c.i.embedder.EclipseLogger - skip non existing resourceDirectory D:\Study\EclipseWorkSpace\TestWebApplication\src\main\resources
2019-04-11 11:19:03,184 [Worker-20: Building workspace] WARN  o.e.m.c.i.embedder.EclipseLogger - Using platform encoding (Cp1252 actually) to copy filtered resources, i.e. build is platform dependent!
2019-04-11 11:19:03,186 [Worker-20: Building workspace] INFO  o.e.m.c.i.embedder.EclipseLogger - skip non existing resourceDirectory D:\Study\EclipseWorkSpace\TestWebApplication\src\test\resources
2019-04-11 11:19:11,997 [Worker-17: Building workspace] WARN  o.e.m.c.i.embedder.EclipseLogger - Using platform encoding (Cp1252 actually) to copy filtered resources, i.e. build is platform dependent!
2019-04-11 11:19:11,999 [Worker-17: Building workspace] INFO  o.e.m.c.i.embedder.EclipseLogger - skip non existing resourceDirectory D:\Study\EclipseWorkSpace\TestWebApplication\src\main\resources
2019-04-11 11:19:12,000 [Worker-17: Building workspace] WARN  o.e.m.c.i.embedder.EclipseLogger - Using platform encoding (Cp1252 actually) to copy filtered resources, i.e. build is platform dependent!
2019-04-11 11:19:12,002 [Worker-17: Building workspace] INFO  o.e.m.c.i.embedder.EclipseLogger - skip non existing resourceDirectory D:\Study\EclipseWorkSpace\TestWebApplication\src\test\resources
2019-04-11 11:19:35,621 [Worker-15: Building workspace] WARN  o.e.m.c.i.embedder.EclipseLogger - Using platform encoding (Cp1252 actually) to copy filtered resources, i.e. build is platform dependent!
2019-04-11 11:19:35,623 [Worker-15: Building workspace] INFO  o.e.m.c.i.embedder.EclipseLogger - skip non existing resourceDirectory D:\Study\EclipseWorkSpace\TestWebApplication\src\main\resources
2019-04-11 11:19:35,625 [Worker-15: Building workspace] WARN  o.e.m.c.i.embedder.EclipseLogger - Using platform encoding (Cp1252 actually) to copy filtered resources, i.e. build is platform dependent!
2019-04-11 11:19:35,628 [Worker-15: Building workspace] INFO  o.e.m.c.i.embedder.EclipseLogger - skip non existing resourceDirectory D:\Study\EclipseWorkSpace\TestWebApplication\src\test\resources
2019-04-11 11:20:15,835 [Worker-15: Updating Maven Project] INFO  o.e.m.c.i.p.ProjectConfigurationManager - Update started
2019-04-11 11:20:16,833 [Worker-15: Updating Maven Project] INFO  o.e.m.c.i.l.LifecycleMappingFactory - Using org.maven.ide.eclipse.wtp.WarLifecycleMapping lifecycle mapping for MavenProject: com.jins:TestWebApplication:0.0.1-SNAPSHOT @ D:\Study\EclipseWorkSpace\TestWebApplication\pom.xml.
2019-04-11 11:20:17,027 [Worker-15: Updating Maven Project] INFO  o.e.m.j.i.AbstractJavaProjectConfigurator - Adding source folder /TestWebApplication/src/main/java
2019-04-11 11:20:17,028 [Worker-15: Updating Maven Project] INFO  o.e.m.j.i.AbstractJavaProjectConfigurator - Adding source folder /TestWebApplication/src/test/java
2019-04-11 11:20:17,314 [Worker-15: Updating Maven Project] INFO  o.e.m.w.i.f.ResourceFilteringBuildParticipant - Cleaning filtered folder for TestWebApplication
2019-04-11 11:20:17,327 [Worker-15: Updating Maven Project] INFO  o.e.m.c.i.p.ProjectConfigurationManager - Update completed: 1 sec
2019-04-11 11:20:17,775 [Worker-25: Building workspace] WARN  o.e.m.c.i.embedder.EclipseLogger - Using platform encoding (Cp1252 actually) to copy filtered resources, i.e. build is platform dependent!
2019-04-11 11:20:17,777 [Worker-25: Building workspace] INFO  o.e.m.c.i.embedder.EclipseLogger - skip non existing resourceDirectory D:\Study\EclipseWorkSpace\TestWebApplication\src\main\resources
2019-04-11 11:20:17,778 [Worker-25: Building workspace] WARN  o.e.m.c.i.embedder.EclipseLogger - Using platform encoding (Cp1252 actually) to copy filtered resources, i.e. build is platform dependent!
2019-04-11 11:20:17,780 [Worker-25: Building workspace] INFO  o.e.m.c.i.embedder.EclipseLogger - skip non existing resourceDirectory D:\Study\EclipseWorkSpace\TestWebApplication\src\test\resources
2019-04-11 11:20:17,781 [Worker-25: Building workspace] INFO  o.e.m.w.i.f.ResourceFilteringBuildParticipant - Changed resources require a complete clean of filtered resources of TestWebApplication
2019-04-11 11:20:17,781 [Worker-25: Building workspace] INFO  o.e.m.w.i.f.ResourceFilteringBuildParticipant - Executing resource filtering for TestWebApplication
2019-04-11 11:20:17,785 [Worker-25: Building workspace] WARN  o.e.m.c.i.embedder.EclipseLogger - Using platform encoding (Cp1252 actually) to copy filtered resources, i.e. build is platform dependent!
2019-04-11 11:20:53,574 [main] INFO  o.e.m2e.actions.ExecutePomAction - Creating new launch configuration
2019-04-11 11:21:25,587 [Worker-19: Launching Executing clean in D__Study_EclipseWorkSpace_TestWebApplication] INFO  o.e.m.i.launch.MavenLaunchDelegate - D:\Study\EclipseWorkSpace\TestWebApplication
2019-04-11 11:21:25,587 [Worker-19: Launching Executing clean in D__Study_EclipseWorkSpace_TestWebApplication] INFO  o.e.m.i.launch.MavenLaunchDelegate -  mvn -B clean
2019-04-11 11:21:29,569 [Worker-25: Building workspace] WARN  o.e.m.c.i.embedder.EclipseLogger - Using platform encoding (Cp1252 actually) to copy filtered resources, i.e. build is platform dependent!
2019-04-11 11:21:29,577 [Worker-25: Building workspace] INFO  o.e.m.c.i.embedder.EclipseLogger - skip non existing resourceDirectory D:\Study\EclipseWorkSpace\TestWebApplication\src\main\resources
2019-04-11 11:21:29,586 [Worker-25: Building workspace] WARN  o.e.m.c.i.embedder.EclipseLogger - Using platform encoding (Cp1252 actually) to copy filtered resources, i.e. build is platform dependent!
2019-04-11 11:21:29,594 [Worker-25: Building workspace] INFO  o.e.m.c.i.embedder.EclipseLogger - skip non existing resourceDirectory D:\Study\EclipseWorkSpace\TestWebApplication\src\test\resources
2019-04-11 11:21:29,596 [Worker-25: Building workspace] INFO  o.e.m.w.i.f.ResourceFilteringBuildParticipant - Changed resources require a complete clean of filtered resources of TestWebApplication
2019-04-11 11:21:29,596 [Worker-25: Building workspace] INFO  o.e.m.w.i.f.ResourceFilteringBuildParticipant - Executing resource filtering for TestWebApplication
2019-04-11 11:21:29,613 [Worker-25: Building workspace] WARN  o.e.m.c.i.embedder.EclipseLogger - Using platform encoding (Cp1252 actually) to copy filtered resources, i.e. build is platform dependent!
2019-04-11 11:21:39,570 [main] INFO  o.e.m2e.actions.ExecutePomAction - Creating new launch configuration
2019-04-11 11:22:22,329 [Worker-26: Launching TestWebApplication (1)] INFO  o.e.m.i.launch.MavenLaunchDelegate - D:\Study\EclipseWorkSpace\TestWebApplication
2019-04-11 11:22:22,329 [Worker-26: Launching TestWebApplication (1)] INFO  o.e.m.i.launch.MavenLaunchDelegate -  mvn -B tomcat:run
2019-04-11 11:28:05,551 [Worker-14: Building workspace] WARN  o.e.m.c.i.embedder.EclipseLogger - Using platform encoding (Cp1252 actually) to copy filtered resources, i.e. build is platform dependent!
2019-04-11 11:28:05,553 [Worker-14: Building workspace] INFO  o.e.m.c.i.embedder.EclipseLogger - skip non existing resourceDirectory D:\Study\EclipseWorkSpace\TestWebApplication\src\main\resources
2019-04-11 11:28:05,554 [Worker-14: Building workspace] WARN  o.e.m.c.i.embedder.EclipseLogger - Using platform encoding (Cp1252 actually) to copy filtered resources, i.e. build is platform dependent!
2019-04-11 11:28:05,556 [Worker-14: Building workspace] INFO  o.e.m.c.i.embedder.EclipseLogger - skip non existing resourceDirectory D:\Study\EclipseWorkSpace\TestWebApplication\src\test\resources
2019-04-11 11:28:19,468 [Worker-29: Updating Maven Project] INFO  o.e.m.c.i.p.ProjectConfigurationManager - Update started
2019-04-11 11:28:20,163 [Worker-29: Updating Maven Project] INFO  o.e.m.c.i.l.LifecycleMappingFactory - Using org.maven.ide.eclipse.wtp.WarLifecycleMapping lifecycle mapping for MavenProject: com.jins:TestWebApplication:0.0.1-SNAPSHOT @ D:\Study\EclipseWorkSpace\TestWebApplication\pom.xml.
2019-04-11 11:28:20,347 [Worker-29: Updating Maven Project] INFO  o.e.m.j.i.AbstractJavaProjectConfigurator - Adding source folder /TestWebApplication/src/main/java
2019-04-11 11:28:20,348 [Worker-29: Updating Maven Project] INFO  o.e.m.j.i.AbstractJavaProjectConfigurator - Adding source folder /TestWebApplication/src/test/java
2019-04-11 11:28:20,612 [Worker-29: Updating Maven Project] INFO  o.e.m.w.i.f.ResourceFilteringBuildParticipant - Cleaning filtered folder for TestWebApplication
2019-04-11 11:28:20,645 [Worker-29: Updating Maven Project] INFO  o.e.m.c.i.p.ProjectConfigurationManager - Update completed: 1 sec
2019-04-11 11:28:20,884 [Worker-14: Building workspace] WARN  o.e.m.c.i.embedder.EclipseLogger - Using platform encoding (Cp1252 actually) to copy filtered resources, i.e. build is platform dependent!
2019-04-11 11:28:20,888 [Worker-14: Building workspace] INFO  o.e.m.c.i.embedder.EclipseLogger - skip non existing resourceDirectory D:\Study\EclipseWorkSpace\TestWebApplication\src\main\resources
2019-04-11 11:28:20,889 [Worker-14: Building workspace] WARN  o.e.m.c.i.embedder.EclipseLogger - Using platform encoding (Cp1252 actually) to copy filtered resources, i.e. build is platform dependent!
2019-04-11 11:28:20,915 [Worker-14: Building workspace] INFO  o.e.m.c.i.embedder.EclipseLogger - skip non existing resourceDirectory D:\Study\EclipseWorkSpace\TestWebApplication\src\test\resources
2019-04-11 11:28:20,915 [Worker-14: Building workspace] INFO  o.e.m.w.i.f.ResourceFilteringBuildParticipant - Changed resources require a complete clean of filtered resources of TestWebApplication
2019-04-11 11:28:20,915 [Worker-14: Building workspace] INFO  o.e.m.w.i.f.ResourceFilteringBuildParticipant - Executing resource filtering for TestWebApplication
2019-04-11 11:28:20,920 [Worker-14: Building workspace] WARN  o.e.m.c.i.embedder.EclipseLogger - Using platform encoding (Cp1252 actually) to copy filtered resources, i.e. build is platform dependent!
2019-04-11 11:28:35,001 [main] INFO  o.e.m2e.actions.ExecutePomAction - Creating new launch configuration
2019-04-11 11:28:48,761 [Worker-30: Launching TestWebApplication (1)] INFO  o.e.m.i.launch.MavenLaunchDelegate - D:\Study\EclipseWorkSpace\TestWebApplication
2019-04-11 11:28:48,761 [Worker-30: Launching TestWebApplication (1)] INFO  o.e.m.i.launch.MavenLaunchDelegate -  mvn -B tomcat:run
2019-04-11 11:30:09,463 [Worker-27: Launching TestWebApplication (1)] INFO  o.e.m.i.launch.MavenLaunchDelegate - D:\Study\EclipseWorkSpace\TestWebApplication
2019-04-11 11:30:09,464 [Worker-27: Launching TestWebApplication (1)] INFO  o.e.m.i.launch.MavenLaunchDelegate -  mvn -B tomcat:run
2019-04-11 11:32:48,019 [Worker-32: Building workspace] INFO  o.e.m.c.i.l.LifecycleMappingFactory - Using org.maven.ide.eclipse.wtp.WarLifecycleMapping lifecycle mapping for MavenProject: com.jins:TestWebApplication:0.0.1-SNAPSHOT @ D:\Study\EclipseWorkSpace\TestWebApplication\pom.xml.
2019-04-11 11:32:48,151 [Worker-32: Building workspace] WARN  o.e.m.c.i.embedder.EclipseLogger - Using platform encoding (Cp1252 actually) to copy filtered resources, i.e. build is platform dependent!
2019-04-11 11:32:48,153 [Worker-32: Building workspace] INFO  o.e.m.c.i.embedder.EclipseLogger - skip non existing resourceDirectory D:\Study\EclipseWorkSpace\TestWebApplication\src\main\resources
2019-04-11 11:32:48,154 [Worker-32: Building workspace] WARN  o.e.m.c.i.embedder.EclipseLogger - Using platform encoding (Cp1252 actually) to copy filtered resources, i.e. build is platform dependent!
2019-04-11 11:32:48,156 [Worker-32: Building workspace] INFO  o.e.m.c.i.embedder.EclipseLogger - skip non existing resourceDirectory D:\Study\EclipseWorkSpace\TestWebApplication\src\test\resources
2019-04-11 11:32:48,157 [Worker-32: Building workspace] INFO  o.e.m.w.i.f.ResourceFilteringBuildParticipant - Changed resources require a complete clean of filtered resources of TestWebApplication
2019-04-11 11:32:48,157 [Worker-32: Building workspace] INFO  o.e.m.w.i.f.ResourceFilteringBuildParticipant - Executing resource filtering for TestWebApplication
2019-04-11 11:32:48,161 [Worker-32: Building workspace] WARN  o.e.m.c.i.embedder.EclipseLogger - Using platform encoding (Cp1252 actually) to copy filtered resources, i.e. build is platform dependent!
2019-04-11 11:32:54,376 [Worker-33: Launching Executing clean in D__Study_EclipseWorkSpace_TestWebApplication] INFO  o.e.m.i.launch.MavenLaunchDelegate - D:\Study\EclipseWorkSpace\TestWebApplication
2019-04-11 11:32:54,376 [Worker-33: Launching Executing clean in D__Study_EclipseWorkSpace_TestWebApplication] INFO  o.e.m.i.launch.MavenLaunchDelegate -  mvn -B clean
2019-04-11 11:32:57,262 [Worker-32: Building workspace] WARN  o.e.m.c.i.embedder.EclipseLogger - Using platform encoding (Cp1252 actually) to copy filtered resources, i.e. build is platform dependent!
2019-04-11 11:32:57,266 [Worker-32: Building workspace] INFO  o.e.m.c.i.embedder.EclipseLogger - skip non existing resourceDirectory D:\Study\EclipseWorkSpace\TestWebApplication\src\main\resources
2019-04-11 11:32:57,269 [Worker-32: Building workspace] WARN  o.e.m.c.i.embedder.EclipseLogger - Using platform encoding (Cp1252 actually) to copy filtered resources, i.e. build is platform dependent!
2019-04-11 11:32:57,274 [Worker-32: Building workspace] INFO  o.e.m.c.i.embedder.EclipseLogger - skip non existing resourceDirectory D:\Study\EclipseWorkSpace\TestWebApplication\src\test\resources
2019-04-11 11:32:57,275 [Worker-32: Building workspace] INFO  o.e.m.w.i.f.ResourceFilteringBuildParticipant - Changed resources require a complete clean of filtered resources of TestWebApplication
2019-04-11 11:32:57,275 [Worker-32: Building workspace] INFO  o.e.m.w.i.f.ResourceFilteringBuildParticipant - Executing resource filtering for TestWebApplication
2019-04-11 11:32:57,283 [Worker-32: Building workspace] WARN  o.e.m.c.i.embedder.EclipseLogger - Using platform encoding (Cp1252 actually) to copy filtered resources, i.e. build is platform dependent!
2019-04-11 11:33:07,361 [Worker-27: Updating Maven Project] INFO  o.e.m.c.i.p.ProjectConfigurationManager - Update started
2019-04-11 11:33:08,050 [Worker-27: Updating Maven Project] INFO  o.e.m.c.i.l.LifecycleMappingFactory - Using org.maven.ide.eclipse.wtp.WarLifecycleMapping lifecycle mapping for MavenProject: com.jins:TestWebApplication:0.0.1-SNAPSHOT @ D:\Study\EclipseWorkSpace\TestWebApplication\pom.xml.
2019-04-11 11:33:08,222 [Worker-27: Updating Maven Project] INFO  o.e.m.j.i.AbstractJavaProjectConfigurator - Adding source folder /TestWebApplication/src/main/java
2019-04-11 11:33:08,222 [Worker-27: Updating Maven Project] INFO  o.e.m.j.i.AbstractJavaProjectConfigurator - Adding source folder /TestWebApplication/src/test/java
2019-04-11 11:33:08,431 [Worker-27: Updating Maven Project] INFO  o.e.m.w.i.f.ResourceFilteringBuildParticipant - Cleaning filtered folder for TestWebApplication
2019-04-11 11:33:08,449 [Worker-27: Updating Maven Project] INFO  o.e.m.c.i.p.ProjectConfigurationManager - Update completed: 1 sec
2019-04-11 11:33:08,774 [Worker-27: Building workspace] WARN  o.e.m.c.i.embedder.EclipseLogger - Using platform encoding (Cp1252 actually) to copy filtered resources, i.e. build is platform dependent!
2019-04-11 11:33:08,776 [Worker-27: Building workspace] INFO  o.e.m.c.i.embedder.EclipseLogger - skip non existing resourceDirectory D:\Study\EclipseWorkSpace\TestWebApplication\src\main\resources
2019-04-11 11:33:08,778 [Worker-27: Building workspace] WARN  o.e.m.c.i.embedder.EclipseLogger - Using platform encoding (Cp1252 actually) to copy filtered resources, i.e. build is platform dependent!
2019-04-11 11:33:08,780 [Worker-27: Building workspace] INFO  o.e.m.c.i.embedder.EclipseLogger - skip non existing resourceDirectory D:\Study\EclipseWorkSpace\TestWebApplication\src\test\resources
2019-04-11 11:33:08,780 [Worker-27: Building workspace] INFO  o.e.m.w.i.f.ResourceFilteringBuildParticipant - Changed resources require a complete clean of filtered resources of TestWebApplication
2019-04-11 11:33:08,782 [Worker-27: Building workspace] INFO  o.e.m.w.i.f.ResourceFilteringBuildParticipant - Executing resource filtering for TestWebApplication
2019-04-11 11:33:08,791 [Worker-27: Building workspace] WARN  o.e.m.c.i.embedder.EclipseLogger - Using platform encoding (Cp1252 actually) to copy filtered resources, i.e. build is platform dependent!
2019-04-11 11:33:24,403 [Worker-35: Launching TestWebApplication (1)] INFO  o.e.m.i.launch.MavenLaunchDelegate - D:\Study\EclipseWorkSpace\TestWebApplication
2019-04-11 11:33:24,403 [Worker-35: Launching TestWebApplication (1)] INFO  o.e.m.i.launch.MavenLaunchDelegate -  mvn -B tomcat:run
2019-04-11 11:35:48,390 [Worker-32: Launching TestWebApplication (1)] INFO  o.e.m.i.launch.MavenLaunchDelegate - D:\Study\EclipseWorkSpace\TestWebApplication
2019-04-11 11:35:48,390 [Worker-32: Launching TestWebApplication (1)] INFO  o.e.m.i.launch.MavenLaunchDelegate -  mvn -B tomcat:run
2019-04-11 11:37:04,333 [main] INFO  o.e.m2e.actions.ExecutePomAction - Creating new launch configuration
2019-04-11 11:37:51,741 [Worker-38: Launching TestWebApplication (1)] INFO  o.e.m.i.launch.MavenLaunchDelegate - D:\Study\EclipseWorkSpace\TestWebApplication
2019-04-11 11:37:51,741 [Worker-38: Launching TestWebApplication (1)] INFO  o.e.m.i.launch.MavenLaunchDelegate -  mvn -B tomcat7:run
2019-04-11 11:39:55,011 [main] INFO  o.e.m2e.actions.ExecutePomAction - Using existing launch configuration
2019-04-11 11:39:55,152 [Worker-39: Launching TestWebApplication (1)] INFO  o.e.m.i.launch.MavenLaunchDelegate - D:\Study\EclipseWorkSpace\TestWebApplication
2019-04-11 11:39:55,152 [Worker-39: Launching TestWebApplication (1)] INFO  o.e.m.i.launch.MavenLaunchDelegate -  mvn -B tomcat7:run
2019-04-11 12:09:04,071 [Worker-47: Building workspace] WARN  o.e.m.c.i.embedder.EclipseLogger - Using platform encoding (Cp1252 actually) to copy filtered resources, i.e. build is platform dependent!
2019-04-11 12:09:04,075 [Worker-47: Building workspace] INFO  o.e.m.c.i.embedder.EclipseLogger - skip non existing resourceDirectory D:\Study\EclipseWorkSpace\TestWebApplication\src\main\resources
2019-04-11 12:09:04,076 [Worker-47: Building workspace] WARN  o.e.m.c.i.embedder.EclipseLogger - Using platform encoding (Cp1252 actually) to copy filtered resources, i.e. build is platform dependent!
2019-04-11 12:09:04,080 [Worker-47: Building workspace] INFO  o.e.m.c.i.embedder.EclipseLogger - skip non existing resourceDirectory D:\Study\EclipseWorkSpace\TestWebApplication\src\test\resources
2019-04-11 12:09:23,828 [Worker-47: Building workspace] WARN  o.e.m.c.i.embedder.EclipseLogger - Using platform encoding (Cp1252 actually) to copy filtered resources, i.e. build is platform dependent!
2019-04-11 12:09:23,832 [Worker-47: Building workspace] INFO  o.e.m.c.i.embedder.EclipseLogger - skip non existing resourceDirectory D:\Study\EclipseWorkSpace\TestWebApplication\src\main\resources
2019-04-11 12:09:23,836 [Worker-47: Building workspace] WARN  o.e.m.c.i.embedder.EclipseLogger - Using platform encoding (Cp1252 actually) to copy filtered resources, i.e. build is platform dependent!
2019-04-11 12:09:23,840 [Worker-47: Building workspace] INFO  o.e.m.c.i.embedder.EclipseLogger - skip non existing resourceDirectory D:\Study\EclipseWorkSpace\TestWebApplication\src\test\resources
2019-04-11 12:09:32,366 [Worker-47: Building workspace] WARN  o.e.m.c.i.embedder.EclipseLogger - Using platform encoding (Cp1252 actually) to copy filtered resources, i.e. build is platform dependent!
2019-04-11 12:09:32,370 [Worker-47: Building workspace] INFO  o.e.m.c.i.embedder.EclipseLogger - skip non existing resourceDirectory D:\Study\EclipseWorkSpace\TestWebApplication\src\main\resources
2019-04-11 12:09:32,374 [Worker-47: Building workspace] WARN  o.e.m.c.i.embedder.EclipseLogger - Using platform encoding (Cp1252 actually) to copy filtered resources, i.e. build is platform dependent!
2019-04-11 12:09:32,378 [Worker-47: Building workspace] INFO  o.e.m.c.i.embedder.EclipseLogger - skip non existing resourceDirectory D:\Study\EclipseWorkSpace\TestWebApplication\src\test\resources
2019-04-11 12:10:58,974 [Worker-48: Building workspace] WARN  o.e.m.c.i.embedder.EclipseLogger - Using platform encoding (Cp1252 actually) to copy filtered resources, i.e. build is platform dependent!
2019-04-11 12:10:58,975 [Worker-48: Building workspace] INFO  o.e.m.c.i.embedder.EclipseLogger - skip non existing resourceDirectory D:\Study\EclipseWorkSpace\TestWebApplication\src\main\resources
2019-04-11 12:10:58,975 [Worker-48: Building workspace] WARN  o.e.m.c.i.embedder.EclipseLogger - Using platform encoding (Cp1252 actually) to copy filtered resources, i.e. build is platform dependent!
2019-04-11 12:10:58,975 [Worker-48: Building workspace] INFO  o.e.m.c.i.embedder.EclipseLogger - skip non existing resourceDirectory D:\Study\EclipseWorkSpace\TestWebApplication\src\test\resources
2019-04-11 12:13:06,787 [Worker-52: Building workspace] WARN  o.e.m.c.i.embedder.EclipseLogger - Using platform encoding (Cp1252 actually) to copy filtered resources, i.e. build is platform dependent!
2019-04-11 12:13:06,790 [Worker-52: Building workspace] INFO  o.e.m.c.i.embedder.EclipseLogger - skip non existing resourceDirectory D:\Study\EclipseWorkSpace\TestWebApplication\src\main\resources
2019-04-11 12:13:06,791 [Worker-52: Building workspace] WARN  o.e.m.c.i.embedder.EclipseLogger - Using platform encoding (Cp1252 actually) to copy filtered resources, i.e. build is platform dependent!
2019-04-11 12:13:06,795 [Worker-52: Building workspace] INFO  o.e.m.c.i.embedder.EclipseLogger - skip non existing resourceDirectory D:\Study\EclipseWorkSpace\TestWebApplication\src\test\resources
2019-04-11 12:13:35,191 [main] INFO  o.e.m2e.actions.ExecutePomAction - Using existing launch configuration
2019-04-11 12:13:35,448 [Worker-38: Launching TestWebApplication (1)] INFO  o.e.m.i.launch.MavenLaunchDelegate - D:\Study\EclipseWorkSpace\TestWebApplication
2019-04-11 12:13:35,448 [Worker-38: Launching TestWebApplication (1)] INFO  o.e.m.i.launch.MavenLaunchDelegate -  mvn -B tomcat7:run
2019-04-11 12:15:20,137 [Worker-38: Building workspace] WARN  o.e.m.c.i.embedder.EclipseLogger - Using platform encoding (Cp1252 actually) to copy filtered resources, i.e. build is platform dependent!
2019-04-11 12:15:20,137 [Worker-38: Building workspace] INFO  o.e.m.c.i.embedder.EclipseLogger - skip non existing resourceDirectory D:\Study\EclipseWorkSpace\TestWebApplication\src\main\resources
2019-04-11 12:15:20,137 [Worker-38: Building workspace] WARN  o.e.m.c.i.embedder.EclipseLogger - Using platform encoding (Cp1252 actually) to copy filtered resources, i.e. build is platform dependent!
2019-04-11 12:15:20,145 [Worker-38: Building workspace] INFO  o.e.m.c.i.embedder.EclipseLogger - skip non existing resourceDirectory D:\Study\EclipseWorkSpace\TestWebApplication\src\test\resources
2019-04-11 12:16:16,258 [Worker-54: Building workspace] WARN  o.e.m.c.i.embedder.EclipseLogger - Using platform encoding (Cp1252 actually) to copy filtered resources, i.e. build is platform dependent!
2019-04-11 12:16:16,262 [Worker-54: Building workspace] INFO  o.e.m.c.i.embedder.EclipseLogger - skip non existing resourceDirectory D:\Study\EclipseWorkSpace\TestWebApplication\src\main\resources
2019-04-11 12:16:16,262 [Worker-54: Building workspace] WARN  o.e.m.c.i.embedder.EclipseLogger - Using platform encoding (Cp1252 actually) to copy filtered resources, i.e. build is platform dependent!
2019-04-11 12:16:16,270 [Worker-54: Building workspace] INFO  o.e.m.c.i.embedder.EclipseLogger - skip non existing resourceDirectory D:\Study\EclipseWorkSpace\TestWebApplication\src\test\resources
2019-04-11 12:22:09,883 [Worker-57: Building workspace] WARN  o.e.m.c.i.embedder.EclipseLogger - Using platform encoding (Cp1252 actually) to copy filtered resources, i.e. build is platform dependent!
2019-04-11 12:22:09,885 [Worker-57: Building workspace] INFO  o.e.m.c.i.embedder.EclipseLogger - skip non existing resourceDirectory D:\Study\EclipseWorkSpace\TestWebApplication\src\main\resources
2019-04-11 12:22:09,885 [Worker-57: Building workspace] WARN  o.e.m.c.i.embedder.EclipseLogger - Using platform encoding (Cp1252 actually) to copy filtered resources, i.e. build is platform dependent!
2019-04-11 12:22:09,891 [Worker-57: Building workspace] INFO  o.e.m.c.i.embedder.EclipseLogger - skip non existing resourceDirectory D:\Study\EclipseWorkSpace\TestWebApplication\src\test\resources
2019-04-11 12:22:16,917 [Worker-57: Building workspace] WARN  o.e.m.c.i.embedder.EclipseLogger - Using platform encoding (Cp1252 actually) to copy filtered resources, i.e. build is platform dependent!
2019-04-11 12:22:16,917 [Worker-57: Building workspace] INFO  o.e.m.c.i.embedder.EclipseLogger - skip non existing resourceDirectory D:\Study\EclipseWorkSpace\TestWebApplication\src\main\resources
2019-04-11 12:22:16,917 [Worker-57: Building workspace] WARN  o.e.m.c.i.embedder.EclipseLogger - Using platform encoding (Cp1252 actually) to copy filtered resources, i.e. build is platform dependent!
2019-04-11 12:22:16,917 [Worker-57: Building workspace] INFO  o.e.m.c.i.embedder.EclipseLogger - skip non existing resourceDirectory D:\Study\EclipseWorkSpace\TestWebApplication\src\test\resources
2019-04-11 12:22:24,781 [Worker-55: Building workspace] WARN  o.e.m.c.i.embedder.EclipseLogger - Using platform encoding (Cp1252 actually) to copy filtered resources, i.e. build is platform dependent!
2019-04-11 12:22:24,785 [Worker-55: Building workspace] INFO  o.e.m.c.i.embedder.EclipseLogger - skip non existing resourceDirectory D:\Study\EclipseWorkSpace\TestWebApplication\src\main\resources
2019-04-11 12:22:24,787 [Worker-55: Building workspace] WARN  o.e.m.c.i.embedder.EclipseLogger - Using platform encoding (Cp1252 actually) to copy filtered resources, i.e. build is platform dependent!
2019-04-11 12:22:24,788 [Worker-55: Building workspace] INFO  o.e.m.c.i.embedder.EclipseLogger - skip non existing resourceDirectory D:\Study\EclipseWorkSpace\TestWebApplication\src\test\resources
2019-04-11 12:22:47,427 [Worker-56: Building workspace] WARN  o.e.m.c.i.embedder.EclipseLogger - Using platform encoding (Cp1252 actually) to copy filtered resources, i.e. build is platform dependent!
2019-04-11 12:22:47,436 [Worker-56: Building workspace] INFO  o.e.m.c.i.embedder.EclipseLogger - skip non existing resourceDirectory D:\Study\EclipseWorkSpace\TestWebApplication\src\main\resources
2019-04-11 12:22:47,436 [Worker-56: Building workspace] WARN  o.e.m.c.i.embedder.EclipseLogger - Using platform encoding (Cp1252 actually) to copy filtered resources, i.e. build is platform dependent!
2019-04-11 12:22:47,436 [Worker-56: Building workspace] INFO  o.e.m.c.i.embedder.EclipseLogger - skip non existing resourceDirectory D:\Study\EclipseWorkSpace\TestWebApplication\src\test\resources
2019-04-11 12:23:49,226 [Worker-55: Building workspace] WARN  o.e.m.c.i.embedder.EclipseLogger - Using platform encoding (Cp1252 actually) to copy filtered resources, i.e. build is platform dependent!
2019-04-11 12:23:49,227 [Worker-55: Building workspace] INFO  o.e.m.c.i.embedder.EclipseLogger - skip non existing resourceDirectory D:\Study\EclipseWorkSpace\TestWebApplication\src\main\resources
2019-04-11 12:23:49,227 [Worker-55: Building workspace] WARN  o.e.m.c.i.embedder.EclipseLogger - Using platform encoding (Cp1252 actually) to copy filtered resources, i.e. build is platform dependent!
2019-04-11 12:23:49,227 [Worker-55: Building workspace] INFO  o.e.m.c.i.embedder.EclipseLogger - skip non existing resourceDirectory D:\Study\EclipseWorkSpace\TestWebApplication\src\test\resources
2019-04-11 12:24:10,406 [Worker-58: Building workspace] WARN  o.e.m.c.i.embedder.EclipseLogger - Using platform encoding (Cp1252 actually) to copy filtered resources, i.e. build is platform dependent!
2019-04-11 12:24:10,413 [Worker-58: Building workspace] INFO  o.e.m.c.i.embedder.EclipseLogger - skip non existing resourceDirectory D:\Study\EclipseWorkSpace\TestWebApplication\src\main\resources
2019-04-11 12:24:10,415 [Worker-58: Building workspace] WARN  o.e.m.c.i.embedder.EclipseLogger - Using platform encoding (Cp1252 actually) to copy filtered resources, i.e. build is platform dependent!
2019-04-11 12:24:10,416 [Worker-58: Building workspace] INFO  o.e.m.c.i.embedder.EclipseLogger - skip non existing resourceDirectory D:\Study\EclipseWorkSpace\TestWebApplication\src\test\resources
2019-04-11 12:24:50,209 [Worker-55: Building workspace] WARN  o.e.m.c.i.embedder.EclipseLogger - Using platform encoding (Cp1252 actually) to copy filtered resources, i.e. build is platform dependent!
2019-04-11 12:24:50,209 [Worker-55: Building workspace] INFO  o.e.m.c.i.embedder.EclipseLogger - skip non existing resourceDirectory D:\Study\EclipseWorkSpace\TestWebApplication\src\main\resources
2019-04-11 12:24:50,209 [Worker-55: Building workspace] WARN  o.e.m.c.i.embedder.EclipseLogger - Using platform encoding (Cp1252 actually) to copy filtered resources, i.e. build is platform dependent!
2019-04-11 12:24:50,223 [Worker-55: Building workspace] INFO  o.e.m.c.i.embedder.EclipseLogger - skip non existing resourceDirectory D:\Study\EclipseWorkSpace\TestWebApplication\src\test\resources
2019-04-11 12:25:06,465 [Worker-58: Building workspace] WARN  o.e.m.c.i.embedder.EclipseLogger - Using platform encoding (Cp1252 actually) to copy filtered resources, i.e. build is platform dependent!
2019-04-11 12:25:06,481 [Worker-58: Building workspace] INFO  o.e.m.c.i.embedder.EclipseLogger - skip non existing resourceDirectory D:\Study\EclipseWorkSpace\TestWebApplication\src\main\resources
2019-04-11 12:25:06,481 [Worker-58: Building workspace] WARN  o.e.m.c.i.embedder.EclipseLogger - Using platform encoding (Cp1252 actually) to copy filtered resources, i.e. build is platform dependent!
2019-04-11 12:25:06,481 [Worker-58: Building workspace] INFO  o.e.m.c.i.embedder.EclipseLogger - skip non existing resourceDirectory D:\Study\EclipseWorkSpace\TestWebApplication\src\test\resources
2019-04-11 12:25:22,775 [main] INFO  o.e.m2e.actions.ExecutePomAction - Using existing launch configuration
2019-04-11 12:25:22,897 [Worker-55: Launching TestWebApplication (1)] INFO  o.e.m.i.launch.MavenLaunchDelegate - D:\Study\EclipseWorkSpace\TestWebApplication
2019-04-11 12:25:22,897 [Worker-55: Launching TestWebApplication (1)] INFO  o.e.m.i.launch.MavenLaunchDelegate -  mvn -B tomcat7:run
2019-04-11 12:26:19,519 [Worker-59: Building workspace] WARN  o.e.m.c.i.embedder.EclipseLogger - Using platform encoding (Cp1252 actually) to copy filtered resources, i.e. build is platform dependent!
2019-04-11 12:26:19,519 [Worker-59: Building workspace] INFO  o.e.m.c.i.embedder.EclipseLogger - skip non existing resourceDirectory D:\Study\EclipseWorkSpace\TestWebApplication\src\main\resources
2019-04-11 12:26:19,519 [Worker-59: Building workspace] WARN  o.e.m.c.i.embedder.EclipseLogger - Using platform encoding (Cp1252 actually) to copy filtered resources, i.e. build is platform dependent!
2019-04-11 12:26:19,519 [Worker-59: Building workspace] INFO  o.e.m.c.i.embedder.EclipseLogger - skip non existing resourceDirectory D:\Study\EclipseWorkSpace\TestWebApplication\src\test\resources
2019-04-11 12:26:20,575 [Worker-51: Building workspace] WARN  o.e.m.c.i.embedder.EclipseLogger - Using platform encoding (Cp1252 actually) to copy filtered resources, i.e. build is platform dependent!
2019-04-11 12:26:20,582 [Worker-51: Building workspace] INFO  o.e.m.c.i.embedder.EclipseLogger - skip non existing resourceDirectory D:\Study\EclipseWorkSpace\TestWebApplication\src\main\resources
2019-04-11 12:26:20,585 [Worker-51: Building workspace] WARN  o.e.m.c.i.embedder.EclipseLogger - Using platform encoding (Cp1252 actually) to copy filtered resources, i.e. build is platform dependent!
2019-04-11 12:26:20,586 [Worker-51: Building workspace] INFO  o.e.m.c.i.embedder.EclipseLogger - skip non existing resourceDirectory D:\Study\EclipseWorkSpace\TestWebApplication\src\test\resources
2019-04-11 12:26:41,658 [Worker-51: Building workspace] WARN  o.e.m.c.i.embedder.EclipseLogger - Using platform encoding (Cp1252 actually) to copy filtered resources, i.e. build is platform dependent!
2019-04-11 12:26:41,658 [Worker-51: Building workspace] INFO  o.e.m.c.i.embedder.EclipseLogger - skip non existing resourceDirectory D:\Study\EclipseWorkSpace\TestWebApplication\src\main\resources
2019-04-11 12:26:41,663 [Worker-51: Building workspace] WARN  o.e.m.c.i.embedder.EclipseLogger - Using platform encoding (Cp1252 actually) to copy filtered resources, i.e. build is platform dependent!
2019-04-11 12:26:41,664 [Worker-51: Building workspace] INFO  o.e.m.c.i.embedder.EclipseLogger - skip non existing resourceDirectory D:\Study\EclipseWorkSpace\TestWebApplication\src\test\resources
2019-04-11 12:27:18,715 [Worker-56: Building workspace] WARN  o.e.m.c.i.embedder.EclipseLogger - Using platform encoding (Cp1252 actually) to copy filtered resources, i.e. build is platform dependent!
2019-04-11 12:27:18,715 [Worker-56: Building workspace] INFO  o.e.m.c.i.embedder.EclipseLogger - skip non existing resourceDirectory D:\Study\EclipseWorkSpace\TestWebApplication\src\main\resources
2019-04-11 12:27:18,723 [Worker-56: Building workspace] WARN  o.e.m.c.i.embedder.EclipseLogger - Using platform encoding (Cp1252 actually) to copy filtered resources, i.e. build is platform dependent!
2019-04-11 12:27:18,726 [Worker-56: Building workspace] INFO  o.e.m.c.i.embedder.EclipseLogger - skip non existing resourceDirectory D:\Study\EclipseWorkSpace\TestWebApplication\src\test\resources
2019-04-21 09:11:53,484 [Worker-4: Updating Maven Dependencies] INFO  o.e.m.c.i.l.LifecycleMappingFactory - Using org.maven.ide.eclipse.wtp.WarLifecycleMapping lifecycle mapping for MavenProject: com.jins:TestWebApplication:0.0.1-SNAPSHOT @ D:\Study\EclipseWorkSpace\TestWebApplication\pom.xml.
2019-04-21 09:11:57,624 [Worker-8: Building workspace] WARN  o.e.m.c.i.embedder.EclipseLogger - Using platform encoding (Cp1252 actually) to copy filtered resources, i.e. build is platform dependent!
2019-04-21 09:11:57,641 [Worker-8: Building workspace] INFO  o.e.m.c.i.embedder.EclipseLogger - skip non existing resourceDirectory D:\Study\EclipseWorkSpace\TestWebApplication\src\main\resources
2019-04-21 09:11:57,645 [Worker-8: Building workspace] WARN  o.e.m.c.i.embedder.EclipseLogger - Using platform encoding (Cp1252 actually) to copy filtered resources, i.e. build is platform dependent!
2019-04-21 09:11:57,649 [Worker-8: Building workspace] INFO  o.e.m.c.i.embedder.EclipseLogger - skip non existing resourceDirectory D:\Study\EclipseWorkSpace\TestWebApplication\src\test\resources
2019-04-21 09:13:02,918 [Worker-9: Loading available Gradle versions] INFO  o.e.b.c.i.u.g.PublishedGradleVersions - Gradle version information cache is out-of-date. Trying to update.
2019-05-01 16:29:05,589 [Worker-1: Loading available Gradle versions] INFO  o.e.b.c.i.u.g.PublishedGradleVersions - Gradle version information cache is out-of-date. Trying to update.
2019-05-01 16:29:12,579 [Worker-15: Building workspace] WARN  o.e.m.c.i.embedder.EclipseLogger - Using platform encoding (Cp1252 actually) to copy filtered resources, i.e. build is platform dependent!
2019-05-01 16:29:12,594 [Worker-15: Building workspace] INFO  o.e.m.c.i.embedder.EclipseLogger - skip non existing resourceDirectory D:\Study\EclipseWorkSpace\TestWebApplication\src\main\resources
2019-05-01 16:29:12,598 [Worker-15: Building workspace] WARN  o.e.m.c.i.embedder.EclipseLogger - Using platform encoding (Cp1252 actually) to copy filtered resources, i.e. build is platform dependent!
2019-05-01 16:29:12,600 [Worker-15: Building workspace] INFO  o.e.m.c.i.embedder.EclipseLogger - skip non existing resourceDirectory D:\Study\EclipseWorkSpace\TestWebApplication\src\test\resources
2019-05-08 07:35:24,114 [Worker-3: Loading available Gradle versions] INFO  o.e.b.c.i.u.g.PublishedGradleVersions - Gradle version information cache is out-of-date. Trying to update.
2019-05-08 07:38:17,338 [Worker-8: Building workspace] WARN  o.e.m.c.i.embedder.EclipseLogger - Using platform encoding (Cp1252 actually) to copy filtered resources, i.e. build is platform dependent!
2019-05-08 07:38:17,342 [Worker-8: Building workspace] INFO  o.e.m.c.i.embedder.EclipseLogger - skip non existing resourceDirectory D:\Study\EclipseWorkSpace\TestWebApplication\src\main\resources
2019-05-08 07:38:17,347 [Worker-8: Building workspace] WARN  o.e.m.c.i.embedder.EclipseLogger - Using platform encoding (Cp1252 actually) to copy filtered resources, i.e. build is platform dependent!
2019-05-08 07:38:17,351 [Worker-8: Building workspace] INFO  o.e.m.c.i.embedder.EclipseLogger - skip non existing resourceDirectory D:\Study\EclipseWorkSpace\TestWebApplication\src\test\resources
2019-05-09 08:54:52,787 [Worker-2: Loading available Gradle versions] INFO  o.e.b.c.i.u.g.PublishedGradleVersions - Gradle version information cache is out-of-date. Trying to update.
2019-05-09 21:54:56,103 [Worker-1: Loading available Gradle versions] INFO  o.e.b.c.i.u.g.PublishedGradleVersions - Gradle version information cache is up-to-date. Trying to read.
2019-05-09 21:54:59,209 [Worker-0: Building workspace] WARN  o.e.m.c.i.embedder.EclipseLogger - Using platform encoding (Cp1252 actually) to copy filtered resources, i.e. build is platform dependent!
2019-05-09 21:54:59,212 [Worker-0: Building workspace] INFO  o.e.m.c.i.embedder.EclipseLogger - skip non existing resourceDirectory D:\Study\EclipseWorkSpace\TestWebApplication\src\main\resources
2019-05-09 21:54:59,215 [Worker-0: Building workspace] WARN  o.e.m.c.i.embedder.EclipseLogger - Using platform encoding (Cp1252 actually) to copy filtered resources, i.e. build is platform dependent!
2019-05-09 21:54:59,217 [Worker-0: Building workspace] INFO  o.e.m.c.i.embedder.EclipseLogger - skip non existing resourceDirectory D:\Study\EclipseWorkSpace\TestWebApplication\src\test\resources
2019-05-15 08:11:45,111 [Worker-6: Loading available Gradle versions] INFO  o.e.b.c.i.u.g.PublishedGradleVersions - Gradle version information cache is out-of-date. Trying to update.
2019-05-15 08:11:48,093 [Worker-6: Building workspace] WARN  o.e.m.c.i.embedder.EclipseLogger - Using platform encoding (Cp1252 actually) to copy filtered resources, i.e. build is platform dependent!
2019-05-15 08:11:48,096 [Worker-6: Building workspace] INFO  o.e.m.c.i.embedder.EclipseLogger - skip non existing resourceDirectory D:\Study\EclipseWorkSpace\TestWebApplication\src\main\resources
2019-05-15 08:11:48,099 [Worker-6: Building workspace] WARN  o.e.m.c.i.embedder.EclipseLogger - Using platform encoding (Cp1252 actually) to copy filtered resources, i.e. build is platform dependent!
2019-05-15 08:11:48,102 [Worker-6: Building workspace] INFO  o.e.m.c.i.embedder.EclipseLogger - skip non existing resourceDirectory D:\Study\EclipseWorkSpace\TestWebApplication\src\test\resources
2019-05-20 10:37:06,782 [Worker-4: Building workspace] WARN  o.e.m.c.i.embedder.EclipseLogger - Using platform encoding (Cp1252 actually) to copy filtered resources, i.e. build is platform dependent!
2019-05-20 10:37:06,792 [Worker-4: Building workspace] INFO  o.e.m.c.i.embedder.EclipseLogger - skip non existing resourceDirectory D:\Study\EclipseWorkSpace\TestWebApplication\src\main\resources
2019-05-20 10:37:06,795 [Worker-4: Building workspace] WARN  o.e.m.c.i.embedder.EclipseLogger - Using platform encoding (Cp1252 actually) to copy filtered resources, i.e. build is platform dependent!
2019-05-20 10:37:06,798 [Worker-4: Building workspace] INFO  o.e.m.c.i.embedder.EclipseLogger - skip non existing resourceDirectory D:\Study\EclipseWorkSpace\TestWebApplication\src\test\resources
2019-05-24 07:48:14,773 [Worker-9: Loading available Gradle versions] INFO  o.e.b.c.i.u.g.PublishedGradleVersions - Gradle version information cache is out-of-date. Trying to update.
2019-05-24 07:48:29,255 [Worker-1: Building workspace] WARN  o.e.m.c.i.embedder.EclipseLogger - Using platform encoding (Cp1252 actually) to copy filtered resources, i.e. build is platform dependent!
2019-05-24 07:48:29,262 [Worker-1: Building workspace] INFO  o.e.m.c.i.embedder.EclipseLogger - skip non existing resourceDirectory D:\Study\EclipseWorkSpace\TestWebApplication\src\main\resources
2019-05-24 07:48:29,266 [Worker-1: Building workspace] WARN  o.e.m.c.i.embedder.EclipseLogger - Using platform encoding (Cp1252 actually) to copy filtered resources, i.e. build is platform dependent!
2019-05-24 07:48:29,269 [Worker-1: Building workspace] INFO  o.e.m.c.i.embedder.EclipseLogger - skip non existing resourceDirectory D:\Study\EclipseWorkSpace\TestWebApplication\src\test\resources
2019-05-29 14:02:13,224 [Worker-12: Loading available Gradle versions] INFO  o.e.b.c.i.u.g.PublishedGradleVersions - Gradle version information cache is out-of-date. Trying to update.
2019-05-29 14:02:30,697 [Worker-17: Building workspace] WARN  o.e.m.c.i.embedder.EclipseLogger - Using platform encoding (Cp1252 actually) to copy filtered resources, i.e. build is platform dependent!
2019-05-29 14:02:30,703 [Worker-17: Building workspace] INFO  o.e.m.c.i.embedder.EclipseLogger - skip non existing resourceDirectory D:\Study\EclipseWorkSpace\TestWebApplication\src\main\resources
2019-05-29 14:02:30,703 [Worker-17: Building workspace] WARN  o.e.m.c.i.embedder.EclipseLogger - Using platform encoding (Cp1252 actually) to copy filtered resources, i.e. build is platform dependent!
2019-05-29 14:02:30,703 [Worker-17: Building workspace] INFO  o.e.m.c.i.embedder.EclipseLogger - skip non existing resourceDirectory D:\Study\EclipseWorkSpace\TestWebApplication\src\test\resources
2019-05-31 11:33:18,266 [Worker-4: Loading available Gradle versions] INFO  o.e.b.c.i.u.g.PublishedGradleVersions - Gradle version information cache is out-of-date. Trying to update.
2019-05-31 11:33:21,046 [Worker-8: Building workspace] WARN  o.e.m.c.i.embedder.EclipseLogger - Using platform encoding (Cp1252 actually) to copy filtered resources, i.e. build is platform dependent!
2019-05-31 11:33:21,052 [Worker-8: Building workspace] INFO  o.e.m.c.i.embedder.EclipseLogger - skip non existing resourceDirectory D:\Study\EclipseWorkSpace\TestWebApplication\src\main\resources
2019-05-31 11:33:21,056 [Worker-8: Building workspace] WARN  o.e.m.c.i.embedder.EclipseLogger - Using platform encoding (Cp1252 actually) to copy filtered resources, i.e. build is platform dependent!
2019-05-31 11:33:21,058 [Worker-8: Building workspace] INFO  o.e.m.c.i.embedder.EclipseLogger - skip non existing resourceDirectory D:\Study\EclipseWorkSpace\TestWebApplication\src\test\resources
2019-06-01 10:17:10,543 [Worker-3: Loading available Gradle versions] INFO  o.e.b.c.i.u.g.PublishedGradleVersions - Gradle version information cache is up-to-date. Trying to read.
2019-06-01 10:20:31,360 [Worker-10: Building workspace] WARN  o.e.m.c.i.embedder.EclipseLogger - Using platform encoding (Cp1252 actually) to copy filtered resources, i.e. build is platform dependent!
2019-06-01 10:20:31,364 [Worker-10: Building workspace] INFO  o.e.m.c.i.embedder.EclipseLogger - skip non existing resourceDirectory D:\Study\EclipseWorkSpace\TestWebApplication\src\main\resources
2019-06-01 10:20:31,367 [Worker-10: Building workspace] WARN  o.e.m.c.i.embedder.EclipseLogger - Using platform encoding (Cp1252 actually) to copy filtered resources, i.e. build is platform dependent!
2019-06-01 10:20:31,371 [Worker-10: Building workspace] INFO  o.e.m.c.i.embedder.EclipseLogger - skip non existing resourceDirectory D:\Study\EclipseWorkSpace\TestWebApplication\src\test\resources
2019-06-08 16:37:32,532 [Worker-0: Loading available Gradle versions] INFO  o.e.b.c.i.u.g.PublishedGradleVersions - Gradle version information cache is out-of-date. Trying to update.
2019-06-09 09:30:38,324 [Worker-2: Loading available Gradle versions] INFO  o.e.b.c.i.u.g.PublishedGradleVersions - Gradle version information cache is up-to-date. Trying to read.
2019-06-14 10:27:30,636 [Worker-107: Loading available Gradle versions] INFO  o.e.b.c.i.u.g.PublishedGradleVersions - Gradle version information cache is out-of-date. Trying to update.
